23:06:15,092 [main] INFO  ExchangeBT  - Tick file loaded: src/test/resources/ticks/ANZ.AX.txt
23:06:15,092 [main] INFO  ExchangeBT  - Tick file loaded: src/test/resources/ticks/BHP.AX.txt
23:06:15,092 [main] INFO  ExchangeBT  - Tick file loaded: src/test/resources/ticks/RIO.AX.txt
23:06:15,092 [main] INFO  ExchangeBT  - Tick file loaded: src/test/resources/ticks/WBC.AX.txt
23:06:15,092 [main] INFO  ExchangeBtLoadTickTest  - Quote: ANZ.AX, 2012-08-27 14:56:49.647
23:06:15,092 [main] INFO  ExchangeBtLoadTickTest  - Quote: WBC.AX, 2012-08-27 14:56:49.647
23:06:15,092 [main] INFO  ExchangeBtLoadTickTest  - Quote: BHP.AX, 2012-08-27 14:56:49.647
23:06:15,092 [main] INFO  ExchangeBtLoadTickTest  - Quote: RIO.AX, 2012-08-27 14:56:49.648
23:06:15,092 [main] INFO  ExchangeBtLoadTickTest  - Quote: BHP.AX, 2012-08-27 14:57:05.392
23:06:15,092 [main] INFO  ExchangeBtLoadTickTest  - Quote: WBC.AX, 2012-08-27 14:57:05.392
23:06:15,092 [main] INFO  ExchangeBtLoadTickTest  - Quote: RIO.AX, 2012-08-27 14:57:05.393
23:06:15,092 [main] INFO  ExchangeBtLoadTickTest  - Quote: ANZ.AX, 2012-08-27 14:57:05.393
23:06:15,092 [main] INFO  ExchangeBtLoadTickTest  - Quote: RIO.AX, 2012-08-27 14:57:06.299
23:06:15,092 [main] INFO  ExchangeBtLoadTickTest  - Quote: WBC.AX, 2012-08-27 14:57:06.403
23:06:15,092 [main] INFO  ExchangeBtLoadTickTest  - Quote: BHP.AX, 2012-08-27 14:57:06.830
23:06:15,092 [main] INFO  ExchangeBtLoadTickTest  - Quote: RIO.AX, 2012-08-27 14:57:06.852
23:06:15,092 [main] INFO  ExchangeBtLoadTickTest  - Quote: ANZ.AX, 2012-08-27 14:57:06.971
23:06:15,092 [main] INFO  ExchangeBtLoadTickTest  - Quote: WBC.AX, 2012-08-27 14:57:07.025
23:06:15,092 [main] INFO  ExchangeBtLoadTickTest  - Quote: BHP.AX, 2012-08-27 14:57:07.469
23:06:15,092 [main] INFO  ExchangeBtLoadTickTest  - Quote: WBC.AX, 2012-08-27 14:57:07.592
23:06:15,092 [main] INFO  ExchangeBtLoadTickTest  - Quote: ANZ.AX, 2012-08-27 14:57:08.255
23:06:15,092 [main] INFO  ExchangeBtLoadTickTest  - Quote: RIO.AX, 2012-08-27 14:57:08.448
23:06:15,092 [main] INFO  ExchangeBtLoadTickTest  - Quote: WBC.AX, 2012-08-27 14:57:08.614
23:06:15,092 [main] INFO  ExchangeBtLoadTickTest  - Quote: BHP.AX, 2012-08-27 14:57:09.054
23:06:15,092 [main] INFO  ExchangeBtLoadTickTest  - Quote: RIO.AX, 2012-08-27 14:57:09.415
23:06:15,092 [main] INFO  ExchangeBtLoadTickTest  - Quote: WBC.AX, 2012-08-27 14:57:09.456
23:06:15,092 [main] INFO  ExchangeBtLoadTickTest  - Quote: BHP.AX, 2012-08-27 14:57:10.045
23:06:15,092 [main] INFO  ExchangeBtLoadTickTest  - Quote: ANZ.AX, 2012-08-27 14:57:10.159
23:06:15,092 [main] INFO  ExchangeBtLoadTickTest  - Quote: RIO.AX, 2012-08-27 14:57:10.526
23:06:15,092 [main] INFO  ExchangeBtLoadTickTest  - Quote: WBC.AX, 2012-08-27 14:57:10.946
23:06:15,092 [main] INFO  ExchangeBtLoadTickTest  - Quote: BHP.AX, 2012-08-27 14:57:11.167
23:06:15,092 [main] INFO  ExchangeBtLoadTickTest  - Quote: ANZ.AX, 2012-08-27 14:57:11.537
23:06:15,092 [main] INFO  ExchangeBtLoadTickTest  - Quote: WBC.AX, 2012-08-27 14:57:11.678
23:06:15,092 [main] INFO  ExchangeBtLoadTickTest  - Quote: RIO.AX, 2012-08-27 14:57:12.190
23:06:15,092 [main] INFO  ExchangeBtLoadTickTest  - Quote: BHP.AX, 2012-08-27 14:57:12.651
23:06:15,092 [main] INFO  ExchangeBtLoadTickTest  - Quote: ANZ.AX, 2012-08-27 14:57:12.664
23:06:15,092 [main] INFO  ExchangeBtLoadTickTest  - Quote: RIO.AX, 2012-08-27 14:57:12.990
23:06:15,107 [main] INFO  ExchangeBtLoadTickTest  - Quote: WBC.AX, 2012-08-27 14:57:13.099
23:06:15,107 [main] INFO  ExchangeBtLoadTickTest  - Quote: ANZ.AX, 2012-08-27 14:57:13.690
23:06:15,107 [main] INFO  ExchangeBtLoadTickTest  - Quote: BHP.AX, 2012-08-27 14:57:14.175
23:06:15,107 [main] INFO  ExchangeBtLoadTickTest  - Quote: WBC.AX, 2012-08-27 14:57:14.484
23:06:15,107 [main] INFO  ExchangeBtLoadTickTest  - Trade: WBC.AX, 20.45, 937.0
23:06:15,107 [main] INFO  ExchangeBtLoadTickTest  - Quote: RIO.AX, 2012-08-27 14:57:14.680
23:06:15,107 [main] INFO  ExchangeBtLoadTickTest  - Quote: BHP.AX, 2012-08-27 14:57:15.236
23:06:15,107 [main] INFO  ExchangeBtLoadTickTest  - Quote: RIO.AX, 2012-08-27 14:57:15.331
23:06:15,107 [main] INFO  ExchangeBtLoadTickTest  - Trade: RIO.AX, 54.7, 3005.0
23:06:15,107 [main] INFO  ExchangeBtLoadTickTest  - Quote: ANZ.AX, 2012-08-27 14:57:15.514
23:06:15,107 [main] INFO  ExchangeBtLoadTickTest  - Quote: WBC.AX, 2012-08-27 14:57:16.229
23:06:15,107 [main] INFO  ExchangeBtLoadTickTest  - Quote: ANZ.AX, 2012-08-27 14:57:16.582
23:06:15,107 [main] INFO  ExchangeBtLoadTickTest  - Quote: RIO.AX, 2012-08-27 14:57:16.955
23:06:15,107 [main] INFO  ExchangeBtLoadTickTest  - Quote: BHP.AX, 2012-08-27 14:57:16.999
23:06:15,107 [main] INFO  ExchangeBtLoadTickTest  - Trade: BHP.AX, 36.85, 1619.0
23:06:15,107 [main] INFO  ExchangeBtLoadTickTest  - Quote: WBC.AX, 2012-08-27 14:57:17.261
23:06:15,107 [main] INFO  ExchangeBtLoadTickTest  - Trade: WBC.AX, 20.55, 3126.0
23:06:15,107 [main] INFO  ExchangeBtLoadTickTest  - Quote: ANZ.AX, 2012-08-27 14:57:17.538
23:06:15,107 [main] INFO  ExchangeBtLoadTickTest  - Trade: ANZ.AX, 21.55, 3427.0
23:06:15,107 [main] INFO  ExchangeBtLoadTickTest  - Quote: BHP.AX, 2012-08-27 14:57:17.797
23:06:15,107 [main] INFO  ExchangeBtLoadTickTest  - Trade: BHP.AX, 36.85, 2117.0
23:06:15,107 [main] INFO  ExchangeBtLoadTickTest  - Quote: WBC.AX, 2012-08-27 14:57:18.037
23:06:15,107 [main] INFO  ExchangeBtLoadTickTest  - Quote: RIO.AX, 2012-08-27 14:57:18.253
23:06:15,107 [main] INFO  ExchangeBtLoadTickTest  - Trade: RIO.AX, 54.6, 238.0
23:06:15,107 [main] INFO  ExchangeBtLoadTickTest  - Quote: ANZ.AX, 2012-08-27 14:57:18.695
23:06:15,107 [main] INFO  ExchangeBtLoadTickTest  - Trade: ANZ.AX, 21.55, 709.0
23:06:15,107 [main] INFO  ExchangeBtLoadTickTest  - Quote: BHP.AX, 2012-08-27 14:57:19.548
23:06:15,107 [main] INFO  ExchangeBtLoadTickTest  - Quote: WBC.AX, 2012-08-27 14:57:19.577
23:06:15,107 [main] INFO  ExchangeBtLoadTickTest  - Quote: RIO.AX, 2012-08-27 14:57:20.010
23:06:15,107 [main] INFO  ExchangeBtLoadTickTest  - Trade: RIO.AX, 55.0, 474.0
23:06:15,107 [main] INFO  ExchangeBtLoadTickTest  - Quote: ANZ.AX, 2012-08-27 14:57:20.228
23:06:15,107 [main] INFO  ExchangeBtLoadTickTest  - Quote: BHP.AX, 2012-08-27 14:57:20.531
23:06:15,107 [main] INFO  ExchangeBtLoadTickTest  - Quote: WBC.AX, 2012-08-27 14:57:21.040
23:06:15,107 [main] INFO  ExchangeBtLoadTickTest  - Trade: WBC.AX, 20.2, 3642.0
23:06:15,107 [main] INFO  ExchangeBtLoadTickTest  - Quote: BHP.AX, 2012-08-27 14:57:21.281
23:06:15,107 [main] INFO  ExchangeBtLoadTickTest  - Trade: BHP.AX, 36.45, 2094.0
23:06:15,107 [main] INFO  ExchangeBtLoadTickTest  - Quote: ANZ.AX, 2012-08-27 14:57:21.291
23:06:15,107 [main] INFO  ExchangeBtLoadTickTest  - Trade: ANZ.AX, 21.7, 497.0
23:06:15,107 [main] INFO  ExchangeBtLoadTickTest  - Quote: RIO.AX, 2012-08-27 14:57:21.595
23:06:15,107 [main] INFO  ExchangeBtLoadTickTest  - Trade: RIO.AX, 55.0, 2257.0
23:06:15,107 [main] INFO  ExchangeBtLoadTickTest  - Quote: RIO.AX, 2012-08-27 14:57:22.389
23:06:15,107 [main] INFO  ExchangeBtLoadTickTest  - Trade: RIO.AX, 54.5, 1064.0
23:06:15,107 [main] INFO  ExchangeBtLoadTickTest  - Quote: WBC.AX, 2012-08-27 14:57:22.454
23:06:15,107 [main] INFO  ExchangeBtLoadTickTest  - Trade: WBC.AX, 20.2, 1920.0
23:06:15,107 [main] INFO  ExchangeBtLoadTickTest  - Quote: BHP.AX, 2012-08-27 14:57:22.633
23:06:15,107 [main] INFO  ExchangeBtLoadTickTest  - Trade: BHP.AX, 36.45, 528.0
23:06:15,107 [main] INFO  ExchangeBtLoadTickTest  - Quote: WBC.AX, 2012-08-27 14:57:23.042
23:06:15,107 [main] INFO  ExchangeBtLoadTickTest  - Quote: RIO.AX, 2012-08-27 14:57:23.183
23:06:15,107 [main] INFO  ExchangeBtLoadTickTest  - Trade: RIO.AX, 54.45, 604.0
23:06:15,107 [main] INFO  ExchangeBtLoadTickTest  - Quote: ANZ.AX, 2012-08-27 14:57:23.211
23:06:15,107 [main] INFO  ExchangeBtLoadTickTest  - Trade: ANZ.AX, 21.95, 1633.0
23:06:15,107 [main] INFO  ExchangeBtLoadTickTest  - Quote: WBC.AX, 2012-08-27 14:57:23.799
23:06:15,107 [main] INFO  ExchangeBtLoadTickTest  - Trade: WBC.AX, 20.2, 913.0
23:06:15,107 [main] INFO  ExchangeBtLoadTickTest  - Quote: RIO.AX, 2012-08-27 14:57:24.043
23:06:15,107 [main] INFO  ExchangeBtLoadTickTest  - Trade: RIO.AX, 54.45, 209.0
23:06:15,107 [main] INFO  ExchangeBtLoadTickTest  - Quote: BHP.AX, 2012-08-27 14:57:24.049
23:06:15,107 [main] INFO  ExchangeBT  - Finished replay of tick files
23:06:15,123 [Thread-2] INFO  GenericApplicationContext  - Closing org.springframework.context.support.GenericApplicationContext@1edc073: startup date [Thu Jan 24 23:06:04 CST 2013]; root of context hierarchy
23:06:15,154 [Thread-9] INFO  GenericApplicationContext  - Closing org.springframework.context.support.GenericApplicationContext@aecb09: startup date [Thu Jan 24 23:06:10 CST 2013]; root of context hierarchy
23:06:15,154 [Thread-3] INFO  GenericApplicationContext  - Closing org.springframework.context.support.GenericApplicationContext@d5c0f9: startup date [Thu Jan 24 23:06:06 CST 2013]; root of context hierarchy
23:06:15,154 [Thread-3] INFO  DefaultListableBeanFactory  - Destroying singletons in org.springframework.beans.factory.support.DefaultListableBeanFactory@3468f4: defining beans [org.springframework.context.annotation.internalConfigurationAnnotationProcessor,org.springframework.context.annotation.internalAutowiredAnnotationProcessor,org.springframework.context.annotation.internalRequiredAnnotationProcessor,org.springframework.context.annotation.internalCommonAnnotationProcessor,aceptorSettings1,initiatorSettings1]; root of factory hierarchy
23:06:15,154 [Thread-2] INFO  DefaultListableBeanFactory  - Destroying singletons in org.springframework.beans.factory.support.DefaultListableBeanFactory@76fba0: defining beans [org.springframework.context.annotation.internalConfigurationAnnotationProcessor,org.springframework.context.annotation.internalAutowiredAnnotationProcessor,org.springframework.context.annotation.internalRequiredAnnotationProcessor,org.springframework.context.annotation.internalCommonAnnotationProcessor,strategyFactory,globalStrategySettings,singleInstrumentCommonDisplayFields,multiInstrumentCommonDisplayFields,multiInstrumentCommonInstrumentDisplayFields,singleInstrumentCommonFieldDefs,multiInstrumentCommonFieldDefs,multiInstrumentCommonInstrumentFieldDefs,org.springframework.beans.factory.config.MethodInvokingFactoryBean#0,org.springframework.beans.factory.config.MethodInvokingFactoryBean#1,org.springframework.beans.factory.config.MethodInvokingFactoryBean#2,defaultExecutionAnalyzer,defaultExecutionManager,eventManager,mdManager,simMarketDataAdaptor,simExchange,strategyContainer,scheduleManager,tickTable,tickTableManager,refDataManager,downStreamManager,simDownStreamAdaptor]; root of factory hierarchy
23:06:15,154 [Thread-9] INFO  DefaultListableBeanFactory  - Destroying singletons in org.springframework.beans.factory.support.DefaultListableBeanFactory@1396ef7: defining beans [org.springframework.context.annotation.internalConfigurationAnnotationProcessor,org.springframework.context.annotation.internalAutowiredAnnotationProcessor,org.springframework.context.annotation.internalRequiredAnnotationProcessor,org.springframework.context.annotation.internalCommonAnnotationProcessor,dataSource,sessionFactory,setDerbyLog]; root of factory hierarchy
23:06:15,170 [Thread-9] INFO  LocalSessionFactoryBean  - Closing Hibernate SessionFactory
23:06:15,170 [Thread-9] INFO  SessionFactoryImpl  - closing
