19:02:17,328 [main] INFO  FileSystemXmlApplicationContext  - Refreshing org.springframework.context.support.FileSystemXmlApplicationContext@10b4b2f: startup date [Mon Dec 10 19:02:17 CST 2012]; root of context hierarchy
19:02:17,438 [main] INFO  XmlBeanDefinitionReader  - Loading XML bean definitions from file [C:\Projects\algo\server\conf\server.xml]
19:02:17,628 [main] INFO  XmlBeanDefinitionReader  - Loading XML bean definitions from file [C:\Projects\algo\server\conf\server_sim.xml]
19:02:17,678 [main] INFO  XmlBeanDefinitionReader  - Loading XML bean definitions from file [C:\Projects\algo\server\conf\business.xml]
19:02:17,739 [main] INFO  XmlBeanDefinitionReader  - Loading XML bean definitions from URL [file:/C:/Projects/algo/strategy/target/classes/conf/strategy.xml]
19:02:17,789 [main] INFO  XmlBeanDefinitionReader  - Loading XML bean definitions from file [C:\Projects\algo\server\conf\built-in.xml]
19:02:17,809 [main] INFO  XmlBeanDefinitionReader  - Loading XML bean definitions from URL [file:/C:/Projects/algo/common/target/classes/conf/common.xml]
19:02:17,839 [main] INFO  XmlBeanDefinitionReader  - Loading XML bean definitions from file [C:\Projects\algo\server\conf\MarketSession.xml]
19:02:17,869 [main] INFO  XmlBeanDefinitionReader  - Loading XML bean definitions from file [C:\Projects\algo\server\conf\persistence.xml]
19:02:18,269 [main] INFO  DefaultListableBeanFactory  - Pre-instantiating singletons in org.springframework.beans.factory.support.DefaultListableBeanFactory@23e5d1: defining beans [org.springframework.context.annotation.internalConfigurationAnnotationProcessor,org.springframework.context.annotation.internalAutowiredAnnotationProcessor,org.springframework.context.annotation.internalRequiredAnnotationProcessor,org.springframework.context.annotation.internalCommonAnnotationProcessor,parentOrderValidator,orderFieldValidator,strategyOrderValidator,parentOrderPreCheck,fixToOrderMap,fixParentOrderConverter,fixDataConverter,utcTimeOnlyConverter,parentOrderDefaultValueFiller,defaultStartEndTime,strategyFactory,globalStrategySettings,singleInstrumentCommonDisplayFields,multiInstrumentCommonDisplayFields,multiInstrumentCommonInstrumentDisplayFields,singleInstrumentCommonFieldDefs,multiInstrumentCommonFieldDefs,multiInstrumentCommonInstrumentFieldDefs,org.springframework.beans.factory.config.MethodInvokingFactoryBean#0,org.springframework.beans.factory.config.MethodInvokingFactoryBean#1,org.springframework.beans.factory.config.MethodInvokingFactoryBean#2,defaultExecutionAnalyzer,defaultExecutionManager,dataConverter,quantityConverter,priceConverter,marketSessionManager,dataSource,sessionFactory,setDerbyLog,server,systemInfo,transportService,eventManager,persistenceManager,mdManager,simMarketDataAdaptor,simExchange,strategyContainer,orderManager,scheduleManager,tickTable,tickTableManager,businessManager,orderGenerator,tickDataManager,tickDataWriter,refDataManager,downStreamManager,simDownStreamAdaptor,upStreamManager,fixUpStreamAdaptor,fixDownStreamAdaptor,simExchangeFixSettings]; root of factory hierarchy
19:02:19,560 [main] INFO  Version  - Hibernate Commons Annotations 3.2.0.Final
19:02:19,570 [main] INFO  Environment  - Hibernate 3.6.3.Final
19:02:19,570 [main] INFO  Environment  - hibernate.properties not found
19:02:19,610 [main] INFO  Environment  - Bytecode provider name : javassist
19:02:19,630 [main] INFO  Environment  - using JDK 1.4 java.sql.Timestamp handling
19:02:20,011 [main] INFO  LocalSessionFactoryBean  - Building new Hibernate SessionFactory
19:02:20,101 [main] INFO  HbmBinder  - Mapping class: com.cyanspring.common.business.Execution -> ANYONE.EXECUTIONS
19:02:20,111 [main] INFO  HbmBinder  - Mapping class: com.cyanspring.common.business.ChildOrder -> ANYONE.ACTIVE_CHILD_ORDERS
19:02:20,121 [main] INFO  HbmBinder  - Mapping class: com.cyanspring.server.persistence.ChildOrderAudit -> ANYONE.CHILD_ORDER_AUDIT
19:02:20,121 [main] INFO  HbmBinder  - Mapping class: com.cyanspring.server.persistence.TextObject -> ANYONE.STRATEGIES
19:02:20,131 [main] INFO  Configuration  - Hibernate Validator not found: ignoring
19:02:20,141 [main] INFO  HibernateSearchEventListenerRegister  - Unable to find org.hibernate.search.event.FullTextIndexEventListener on the classpath. Hibernate Search is not enabled.
19:02:20,261 [main] WARN  RootClass  - composite-id class does not override equals(): com.cyanspring.server.persistence.TextObject
19:02:20,261 [main] WARN  RootClass  - composite-id class does not override hashCode(): com.cyanspring.server.persistence.TextObject
19:02:20,261 [main] INFO  ConnectionProviderFactory  - Initializing connection provider: org.springframework.orm.hibernate3.LocalDataSourceConnectionProvider
19:02:23,716 [main] INFO  Dialect  - Using dialect: org.hibernate.dialect.DerbyDialect
19:02:23,766 [main] INFO  SettingsFactory  - Database ->
       name : Apache Derby
    version : 10.8.2.2 - (1181258)
      major : 10
      minor : 8
19:02:23,766 [main] INFO  SettingsFactory  - Driver ->
       name : Apache Derby Embedded JDBC Driver
    version : 10.8.2.2 - (1181258)
      major : 10
      minor : 8
19:02:23,786 [main] INFO  TransactionFactoryFactory  - Using default transaction strategy (direct JDBC transactions)
19:02:23,786 [main] INFO  TransactionManagerLookupFactory  - No TransactionManagerLookup configured (in JTA environment, use of read-write or transactional second-level cache is not recommended)
19:02:23,786 [main] INFO  SettingsFactory  - Automatic flush during beforeCompletion(): disabled
19:02:23,786 [main] INFO  SettingsFactory  - Automatic session close at end of transaction: disabled
19:02:23,786 [main] INFO  SettingsFactory  - Scrollable result sets: enabled
19:02:23,786 [main] INFO  SettingsFactory  - JDBC3 getGeneratedKeys(): disabled
19:02:23,786 [main] INFO  SettingsFactory  - Connection release mode: on_close
19:02:23,786 [main] INFO  SettingsFactory  - Default batch fetch size: 1
19:02:23,786 [main] INFO  SettingsFactory  - Generate SQL with comments: disabled
19:02:23,786 [main] INFO  SettingsFactory  - Order SQL updates by primary key: disabled
19:02:23,786 [main] INFO  SettingsFactory  - Order SQL inserts for batching: disabled
19:02:23,786 [main] INFO  SettingsFactory  - Query translator: org.hibernate.hql.ast.ASTQueryTranslatorFactory
19:02:23,806 [main] INFO  ASTQueryTranslatorFactory  - Using ASTQueryTranslatorFactory
19:02:23,806 [main] INFO  SettingsFactory  - Query language substitutions: {}
19:02:23,806 [main] INFO  SettingsFactory  - JPA-QL strict compliance: disabled
19:02:23,806 [main] INFO  SettingsFactory  - Second-level cache: enabled
19:02:23,806 [main] INFO  SettingsFactory  - Query cache: disabled
19:02:23,806 [main] INFO  SettingsFactory  - Cache region factory : org.hibernate.cache.impl.NoCachingRegionFactory
19:02:23,806 [main] INFO  SettingsFactory  - Optimize cache for minimal puts: disabled
19:02:23,806 [main] INFO  SettingsFactory  - Structured second-level cache entries: disabled
19:02:23,816 [main] INFO  SettingsFactory  - Statistics: disabled
19:02:23,816 [main] INFO  SettingsFactory  - Deleted entity synthetic identifier rollback: disabled
19:02:23,816 [main] INFO  SettingsFactory  - Default entity-mode: pojo
19:02:23,816 [main] INFO  SettingsFactory  - Named query checking : enabled
19:02:23,816 [main] INFO  SettingsFactory  - Check Nullability in Core (should be disabled when Bean Validation is on): enabled
19:02:23,876 [main] INFO  SessionFactoryImpl  - building session factory
19:02:23,876 [main] INFO  BasicTypeRegistry  - Type registration [wrapper_characters_clob] overrides previous : org.hibernate.type.CharacterArrayClobType@330fb9
19:02:23,876 [main] INFO  BasicTypeRegistry  - Type registration [clob] overrides previous : org.hibernate.type.ClobType@4d5575
19:02:23,886 [main] INFO  BasicTypeRegistry  - Type registration [java.sql.Clob] overrides previous : org.hibernate.type.ClobType@4d5575
19:02:23,886 [main] INFO  BasicTypeRegistry  - Type registration [blob] overrides previous : org.hibernate.type.BlobType@1257687
19:02:23,886 [main] INFO  BasicTypeRegistry  - Type registration [java.sql.Blob] overrides previous : org.hibernate.type.BlobType@1257687
19:02:23,886 [main] INFO  BasicTypeRegistry  - Type registration [materialized_clob] overrides previous : org.hibernate.type.MaterializedClobType@88d319
19:02:23,886 [main] INFO  BasicTypeRegistry  - Type registration [materialized_blob] overrides previous : org.hibernate.type.MaterializedBlobType@db38a4
19:02:23,886 [main] INFO  BasicTypeRegistry  - Type registration [characters_clob] overrides previous : org.hibernate.type.PrimitiveCharacterArrayClobType@63a1ae
19:02:23,887 [main] INFO  BasicTypeRegistry  - Type registration [wrapper_materialized_blob] overrides previous : org.hibernate.type.WrappedMaterializedBlobType@df8b14
19:02:25,767 [main] INFO  SessionFactoryObjectFactory  - Not binding factory to JNDI, no JNDI name configured
19:02:26,989 [main] INFO  Server  - SystemInfo: Test:EB:S1:tcp://localhost:61616
19:02:27,379 [main] INFO  BrokerService  - Using Persistence Adapter: MemoryPersistenceAdapter
19:02:27,379 [main] INFO  BrokerService  - ActiveMQ 5.5.0 JMS Message Broker (localhost) is starting
19:02:27,379 [main] INFO  BrokerService  - For help or more information please see: http://activemq.apache.org/
19:02:27,559 [JMX connector] INFO  ManagementContext  - JMX consoles can connect to service:jmx:rmi:///jndi/rmi://localhost:1099/jmxrmi
19:02:27,669 [main] INFO  TransportServerThreadSupport  - Listening for connections at: tcp://127.0.0.1:61616
19:02:27,669 [main] INFO  TransportConnector  - Connector tcp://localHost:61616 Started
19:02:27,679 [main] INFO  BrokerService  - ActiveMQ JMS Message Broker (localhost, ID:950-PC-55835-1355137338760-1:1) started
19:02:28,150 [main] DEBUG Server  - ScheduleManager initialized
19:02:28,150 [main] DEBUG Server  - PersistenceManager initialized
19:02:29,252 [main] DEBUG PersistenceManager  - TextObject Records deleted: 6
19:02:29,262 [main] WARN  HQLQueryPlan  - manipulation query [delete from ChildOrder where created < :created and serverId = :serverId] resulted in [2] split queries
19:02:29,512 [main] DEBUG PersistenceManager  - ChildOrder Records deleted: 1231
19:02:29,532 [main] DEBUG PersistenceManager  - ChildOrderAudit Records deleted: 0
19:02:29,622 [main] DEBUG PersistenceManager  - Execution Records deleted: 458
19:02:29,732 [main] DEBUG Server  - OrderManager initialized
19:02:29,732 [main] DEBUG Server  - BusinessManager initialized
19:02:29,772 [main] INFO  StrategyFactory  - loading strategy jar file: strategies\cyanspring-custom-1.53.jar
19:02:29,792 [main] INFO  ClassEnumerator  - Reading JAR file: 'strategies/cyanspring-custom-1.53.jar'
19:02:29,873 [main] INFO  StrategyFactory  - discovered custom strategy: class com.cyanspring.custom.strategy.CustomStrategy1
19:02:29,873 [main] INFO  StrategyFactory  - Loading conf/CustomStrategy1.xml from cyanspring-custom-1.53.jar
19:02:29,883 [main] INFO  XmlBeanDefinitionReader  - Loading XML bean definitions from resource loaded through InputStream
19:02:29,883 [main] INFO  GenericApplicationContext  - Refreshing org.springframework.context.support.GenericApplicationContext@c8f0a4: startup date [Mon Dec 10 19:02:29 CST 2012]; parent: org.springframework.context.support.FileSystemXmlApplicationContext@10b4b2f
19:02:29,883 [main] INFO  DefaultListableBeanFactory  - Pre-instantiating singletons in org.springframework.beans.factory.support.DefaultListableBeanFactory@fdb413: defining beans [customStrategy1]; parent: org.springframework.beans.factory.support.DefaultListableBeanFactory@23e5d1
19:02:29,933 [main] INFO  StrategyFactory  - Registered strategy CUSTOM1 to bean customStrategy1
19:02:29,933 [main] INFO  StrategyFactory  - discovered custom strategy: class com.cyanspring.custom.strategy.CustomStrategy2
19:02:29,933 [main] INFO  StrategyFactory  - Loading conf/CustomStrategy2.xml from cyanspring-custom-1.53.jar
19:02:29,933 [main] INFO  XmlBeanDefinitionReader  - Loading XML bean definitions from resource loaded through InputStream
19:02:29,933 [main] INFO  GenericApplicationContext  - Refreshing org.springframework.context.support.GenericApplicationContext@d1afd3: startup date [Mon Dec 10 19:02:29 CST 2012]; parent: org.springframework.context.support.FileSystemXmlApplicationContext@10b4b2f
19:02:29,943 [main] INFO  DefaultListableBeanFactory  - Pre-instantiating singletons in org.springframework.beans.factory.support.DefaultListableBeanFactory@904f75: defining beans [customStrategy2FieldDefs,customStrategy2InstrumentFieldDefs,customStrategy2]; parent: org.springframework.beans.factory.support.DefaultListableBeanFactory@23e5d1
19:02:29,953 [main] INFO  StrategyFactory  - Registered strategy CUSTOM2 to bean customStrategy2
19:02:29,953 [main] INFO  StrategyFactory  - loading strategy jar file: strategies\cyanspring-sample-1.53.jar
19:02:29,953 [main] INFO  ClassEnumerator  - Reading JAR file: 'strategies/cyanspring-sample-1.53.jar'
19:02:30,243 [main] INFO  StrategyFactory  - discovered custom strategy: class com.cyanspring.sample.custom.DummyStrategy
19:02:30,243 [main] INFO  StrategyFactory  - Loading conf/DummyStrategy.xml from cyanspring-sample-1.53.jar
19:02:30,253 [main] INFO  XmlBeanDefinitionReader  - Loading XML bean definitions from resource loaded through InputStream
19:02:30,253 [main] INFO  GenericApplicationContext  - Refreshing org.springframework.context.support.GenericApplicationContext@112bd54: startup date [Mon Dec 10 19:02:30 CST 2012]; parent: org.springframework.context.support.FileSystemXmlApplicationContext@10b4b2f
19:02:30,253 [main] INFO  DefaultListableBeanFactory  - Pre-instantiating singletons in org.springframework.beans.factory.support.DefaultListableBeanFactory@52f73e: defining beans [dummyStrategy]; parent: org.springframework.beans.factory.support.DefaultListableBeanFactory@23e5d1
19:02:30,263 [main] INFO  StrategyFactory  - Registered strategy DUMMY to bean dummyStrategy
19:02:30,263 [main] INFO  StrategyFactory  - discovered custom strategy: class com.cyanspring.sample.custom.MarketMakingStrategy
19:02:30,263 [main] INFO  StrategyFactory  - Loading conf/MarketMakingStrategy.xml from cyanspring-sample-1.53.jar
19:02:30,263 [main] INFO  XmlBeanDefinitionReader  - Loading XML bean definitions from resource loaded through InputStream
19:02:30,273 [main] INFO  GenericApplicationContext  - Refreshing org.springframework.context.support.GenericApplicationContext@8032df: startup date [Mon Dec 10 19:02:30 CST 2012]; parent: org.springframework.context.support.FileSystemXmlApplicationContext@10b4b2f
19:02:30,273 [main] INFO  DefaultListableBeanFactory  - Pre-instantiating singletons in org.springframework.beans.factory.support.DefaultListableBeanFactory@8d0a11: defining beans [markingMakingStrategyFieldDefs,markingMakingStrategyInstrumentFieldDefs,marketMakingStrategy]; parent: org.springframework.beans.factory.support.DefaultListableBeanFactory@23e5d1
19:02:30,283 [main] INFO  StrategyFactory  - Registered strategy MARKET_MAKING to bean marketMakingStrategy
19:02:30,283 [main] INFO  StrategyFactory  - discovered custom strategy: class com.cyanspring.sample.custom.TrendingStrategy
19:02:30,283 [main] INFO  StrategyFactory  - Loading conf/TrendingStrategy.xml from cyanspring-sample-1.53.jar
19:02:30,283 [main] INFO  XmlBeanDefinitionReader  - Loading XML bean definitions from resource loaded through InputStream
19:02:30,293 [main] INFO  GenericApplicationContext  - Refreshing org.springframework.context.support.GenericApplicationContext@1a84b38: startup date [Mon Dec 10 19:02:30 CST 2012]; parent: org.springframework.context.support.FileSystemXmlApplicationContext@10b4b2f
19:02:30,293 [main] INFO  DefaultListableBeanFactory  - Pre-instantiating singletons in org.springframework.beans.factory.support.DefaultListableBeanFactory@fb0b0: defining beans [trendingStrategyFieldDefs,trendingStrategyInstrumentFieldDefs,trendingStrategy]; parent: org.springframework.beans.factory.support.DefaultListableBeanFactory@23e5d1
19:02:30,303 [main] INFO  StrategyFactory  - Registered strategy TRENDING to bean trendingStrategy
19:02:30,303 [main] INFO  StrategyFactory  - discovered custom strategy: class com.cyanspring.sample.multiinstrument.dollarneutral.DollarNeutralStrategy
19:02:30,303 [main] INFO  StrategyFactory  - Loading conf/DollarNeutralStrategy.xml from cyanspring-sample-1.53.jar
19:02:30,303 [main] INFO  XmlBeanDefinitionReader  - Loading XML bean definitions from resource loaded through InputStream
19:02:30,313 [main] INFO  GenericApplicationContext  - Refreshing org.springframework.context.support.GenericApplicationContext@1d07c3f: startup date [Mon Dec 10 19:02:30 CST 2012]; parent: org.springframework.context.support.FileSystemXmlApplicationContext@10b4b2f
19:02:30,313 [main] INFO  DefaultListableBeanFactory  - Pre-instantiating singletons in org.springframework.beans.factory.support.DefaultListableBeanFactory@1be9a50: defining beans [dollarNeutralStrategyFieldDefs,dollarNeutralInstrumentFieldDefs,dollarNeutralStrategy]; parent: org.springframework.beans.factory.support.DefaultListableBeanFactory@23e5d1
19:02:30,323 [main] INFO  StrategyFactory  - Registered strategy DOLLAR_NEUTRAL to bean dollarNeutralStrategy
19:02:30,323 [main] INFO  StrategyFactory  - discovered custom strategy: class com.cyanspring.sample.multiinstrument.lowhigh.LowHighStrategy
19:02:30,323 [main] INFO  StrategyFactory  - Loading conf/LowHighStrategy.xml from cyanspring-sample-1.53.jar
19:02:30,323 [main] INFO  XmlBeanDefinitionReader  - Loading XML bean definitions from resource loaded through InputStream
19:02:30,333 [main] INFO  GenericApplicationContext  - Refreshing org.springframework.context.support.GenericApplicationContext@ca1ada: startup date [Mon Dec 10 19:02:30 CST 2012]; parent: org.springframework.context.support.FileSystemXmlApplicationContext@10b4b2f
19:02:30,333 [main] INFO  DefaultListableBeanFactory  - Pre-instantiating singletons in org.springframework.beans.factory.support.DefaultListableBeanFactory@c4cee: defining beans [lowHighStrategyFieldDefs,lowHighInstrumentFieldDefs,lowHighStrategy]; parent: org.springframework.beans.factory.support.DefaultListableBeanFactory@23e5d1
19:02:30,353 [main] INFO  StrategyFactory  - Registered strategy LOW_HIGH to bean lowHighStrategy
19:02:30,353 [main] INFO  StrategyFactory  - discovered custom strategy: class com.cyanspring.sample.singleinstrument.iceberg.IcebergStrategy
19:02:30,353 [main] INFO  StrategyFactory  - Loading conf/IcebergStrategy.xml from cyanspring-sample-1.53.jar
19:02:30,353 [main] INFO  XmlBeanDefinitionReader  - Loading XML bean definitions from resource loaded through InputStream
19:02:30,353 [main] INFO  GenericApplicationContext  - Refreshing org.springframework.context.support.GenericApplicationContext@e674d6: startup date [Mon Dec 10 19:02:30 CST 2012]; parent: org.springframework.context.support.FileSystemXmlApplicationContext@10b4b2f
19:02:30,353 [main] INFO  DefaultListableBeanFactory  - Pre-instantiating singletons in org.springframework.beans.factory.support.DefaultListableBeanFactory@1d433c1: defining beans [icebergStrategy]; parent: org.springframework.beans.factory.support.DefaultListableBeanFactory@23e5d1
19:02:30,363 [main] INFO  StrategyFactory  - Registered strategy ICEBERG to bean icebergStrategy
19:02:30,363 [main] INFO  StrategyFactory  - discovered custom strategy: class com.cyanspring.sample.singleinstrument.pov.POVStrategy
19:02:30,363 [main] INFO  StrategyFactory  - Loading conf/POVStrategy.xml from cyanspring-sample-1.53.jar
19:02:30,363 [main] INFO  XmlBeanDefinitionReader  - Loading XML bean definitions from resource loaded through InputStream
19:02:30,373 [main] INFO  GenericApplicationContext  - Refreshing org.springframework.context.support.GenericApplicationContext@127a49c: startup date [Mon Dec 10 19:02:30 CST 2012]; parent: org.springframework.context.support.FileSystemXmlApplicationContext@10b4b2f
19:02:30,373 [main] INFO  DefaultListableBeanFactory  - Pre-instantiating singletons in org.springframework.beans.factory.support.DefaultListableBeanFactory@1a33662: defining beans [povStrategy]; parent: org.springframework.beans.factory.support.DefaultListableBeanFactory@23e5d1
19:02:30,383 [main] INFO  StrategyFactory  - Registered strategy POV to bean povStrategy
19:02:30,383 [main] INFO  StrategyFactory  - discovered custom strategy: class com.cyanspring.sample.singleinstrument.sdma.SDMAStrategy
19:02:30,383 [main] INFO  StrategyFactory  - Loading conf/SDMAStrategy.xml from cyanspring-sample-1.53.jar
19:02:30,383 [main] INFO  XmlBeanDefinitionReader  - Loading XML bean definitions from resource loaded through InputStream
19:02:30,383 [main] INFO  GenericApplicationContext  - Refreshing org.springframework.context.support.GenericApplicationContext@15023d2: startup date [Mon Dec 10 19:02:30 CST 2012]; parent: org.springframework.context.support.FileSystemXmlApplicationContext@10b4b2f
19:02:30,383 [main] INFO  DefaultListableBeanFactory  - Pre-instantiating singletons in org.springframework.beans.factory.support.DefaultListableBeanFactory@1eaefc5: defining beans [sdmaStrategy]; parent: org.springframework.beans.factory.support.DefaultListableBeanFactory@23e5d1
19:02:30,393 [main] INFO  StrategyFactory  - Registered strategy SDMA to bean sdmaStrategy
19:02:30,393 [main] INFO  StrategyFactory  - discovered custom strategy: class com.cyanspring.sample.singleinstrument.sniper.SniperStrategy
19:02:30,393 [main] INFO  StrategyFactory  - Loading conf/SniperStrategy.xml from cyanspring-sample-1.53.jar
19:02:30,393 [main] INFO  XmlBeanDefinitionReader  - Loading XML bean definitions from resource loaded through InputStream
19:02:30,403 [main] INFO  GenericApplicationContext  - Refreshing org.springframework.context.support.GenericApplicationContext@1737b9f: startup date [Mon Dec 10 19:02:30 CST 2012]; parent: org.springframework.context.support.FileSystemXmlApplicationContext@10b4b2f
19:02:30,403 [main] INFO  DefaultListableBeanFactory  - Pre-instantiating singletons in org.springframework.beans.factory.support.DefaultListableBeanFactory@101ac1c: defining beans [sniperStrategy]; parent: org.springframework.beans.factory.support.DefaultListableBeanFactory@23e5d1
19:02:30,413 [main] INFO  StrategyFactory  - Registered strategy SNIPER to bean sniperStrategy
19:02:30,453 [main] INFO  OrderGenerator  - Initialising OrderGenerator
19:02:30,453 [main] DEBUG MarketSessionManager  - Session start time: AM_NO_TRADING : Mon Dec 10 00:00:00 CST 2012
19:02:30,453 [main] DEBUG MarketSessionManager  - Session start time: AM_OPEN_AUCTION : Mon Dec 10 09:00:00 CST 2012
19:02:30,453 [main] DEBUG MarketSessionManager  - Session start time: AM_OPEN_AUCTION_MARKET_TYPE_ONLY : Mon Dec 10 09:15:00 CST 2012
19:02:30,453 [main] DEBUG MarketSessionManager  - Session start time: AM_OPEN_AUCTION_BLOCKING : Mon Dec 10 09:20:00 CST 2012
19:02:30,453 [main] DEBUG MarketSessionManager  - Session start time: AM_CONTINUOUS_TRADING : Mon Dec 10 09:30:00 CST 2012
19:02:30,453 [main] DEBUG MarketSessionManager  - Session start time: LUNCH_BLOCKING : Mon Dec 10 12:00:00 CST 2012
19:02:30,453 [main] DEBUG MarketSessionManager  - Session start time: LUNCH_BLOCKING_AMEND_CANCEL_ALLOW : Mon Dec 10 13:00:00 CST 2012
19:02:30,453 [main] DEBUG MarketSessionManager  - Session start time: PM_CONTINUOUS_TRADING : Mon Dec 10 13:30:00 CST 2012
19:02:30,453 [main] DEBUG MarketSessionManager  - Session start time: PM_NO_TRADING : Mon Dec 10 16:00:00 CST 2012
19:02:30,453 [main] INFO  RefDataManager  - initialising
19:02:30,563 [main] INFO  MarketDataManager  - initialising
19:02:30,563 [main] INFO  DownStreamManager  - initialising
19:02:30,563 [MarketDataManager] INFO  AsyncEventProcessor  - processAsyncTimerEvent added in method map
19:02:30,573 [Server] INFO  Server  - Market data is ready: true
19:02:33,479 [main] INFO  SessionSchedule  - [FIX.4.2:Algo->SIMULATOR] daily, 00:00:00-UTC - 00:00:00-UTC
19:02:33,579 [main] DEBUG FixAdaptor  - Adding FIX session: FIX.4.2:Algo->SIMULATOR
19:02:33,619 [main] INFO  NetworkingOptions  - Socket option: SocketTcpNoDelay=true
19:02:33,619 [main] INFO  NetworkingOptions  - Socket option: SocketSynchronousWrites=false
19:02:33,619 [main] INFO  NetworkingOptions  - Socket option: SocketSynchronousWriteTimeout=30000
19:02:33,679 [main] INFO  IoSessionInitiator  - [FIX.4.2:Algo->SIMULATOR] [localhost/127.0.0.1:13679]
19:02:33,679 [main] INFO  SocketInitiator  - SessionTimer started
19:02:33,699 [main] WARN  DownStreamManager  - Down Stream connection is down: FIX.4.2:Algo->SIMULATOR
19:02:33,719 [main] DEBUG TickDataManager  - Initialising TickDataManager....
19:02:33,719 [main] INFO  TickDataManager  - Existing tick directory: ticks
19:02:33,719 [main] INFO  UpStreamManager  - initialising
19:02:33,719 [MarketDataManager] DEBUG MarketDataManager  - QuoteSubEvent: 0001.HK, null
19:02:33,719 [Server] INFO  Server  - Market data is ready: true
19:02:33,719 [MarketDataManager] DEBUG MarketDataManager  - QuoteSubEvent: 0002.HK, null
19:02:33,719 [MarketDataManager] INFO  AsyncEventProcessor  - processQuoteEvent added in method map
19:02:33,719 [Server] INFO  Server  - Market data is ready: true
19:02:33,739 [main] INFO  SessionSchedule  - [FIX.4.2:ACCEPTOR1->INITIATOR1] daily, 00:00:00-UTC - 23:00:00-UTC
19:02:33,759 [main] DEBUG FixAdaptor  - Adding FIX session: FIX.4.2:ACCEPTOR1->INITIATOR1
19:02:33,789 [main] INFO  SocketAcceptor  - SessionTimer started
19:02:33,799 [main] INFO  NetworkingOptions  - Socket option: SocketTcpNoDelay=true
19:02:33,799 [main] INFO  NetworkingOptions  - Socket option: SocketSynchronousWrites=false
19:02:33,799 [main] INFO  NetworkingOptions  - Socket option: SocketSynchronousWriteTimeout=30000
19:02:33,840 [main] INFO  SocketAcceptor  - Listening for connections at 0.0.0.0/0.0.0.0:13678
19:02:33,850 [main] WARN  UpStreamManager  - Up Stream connection is down: FIX.4.2:ACCEPTOR1->INITIATOR1
19:02:33,940 [main] INFO  Server  - Published my node info
19:02:33,960 [Server] INFO  AsyncEventProcessor  - processAsyncTimerEvent added in method map
19:02:33,960 [Thread-27] DEBUG Server  - waiting for down stream ready before recovery...
19:02:34,060 [main] INFO  MarketReplay  - Market replay starts at: Mon Dec 10 19:02:34 CST 2012
19:02:34,110 [main] INFO  MarketReplay  - Market replay ends at: Mon Dec 10 19:02:34 CST 2012
19:02:35,961 [Thread-27] DEBUG Server  - waiting for down stream ready before recovery...
19:02:36,482 [main] INFO  SessionSchedule  - [FIX.4.2:SIMULATOR->Algo] daily, 00:00:00-UTC - 00:00:00-UTC
19:02:36,512 [main] DEBUG ExchangeFixManager  - onCreate: FIX.4.2:SIMULATOR->Algo
19:02:36,512 [main] INFO  SocketAcceptor  - SessionTimer started
19:02:36,512 [main] INFO  NetworkingOptions  - Socket option: SocketTcpNoDelay=true
19:02:36,512 [main] INFO  NetworkingOptions  - Socket option: SocketSynchronousWrites=false
19:02:36,512 [main] INFO  NetworkingOptions  - Socket option: SocketSynchronousWriteTimeout=30000
19:02:36,542 [main] INFO  SocketAcceptor  - Listening for connections at 0.0.0.0/0.0.0.0:13679
19:02:37,963 [Thread-27] DEBUG Server  - waiting for down stream ready before recovery...
19:02:38,794 [SocketAcceptorIoProcessor-1.0] INFO  AcceptorIoHandler  - MINA session created: /127.0.0.1:55862
19:02:38,804 [SocketConnectorIoProcessor-0.0] INFO  InitiatorIoHandler  - MINA session created for FIX.4.2:Algo->SIMULATOR: local=/127.0.0.1:55862, class org.apache.mina.transport.socket.nio.SocketSessionImpl, remote=localhost/127.0.0.1:13679
19:02:39,777 [QFJ Message Processor] DEBUG ExchangeFixManager  - logon: FIX.4.2:SIMULATOR->Algo
19:02:39,777 [Server] INFO  Server  - Down stream is ready: true
19:02:40,047 [Thread-27] INFO  Server  - Executions recovered: 0
19:02:40,107 [Thread-27] INFO  Server  - Strategies recovered: 0
19:02:40,107 [Thread-27] INFO  Server  - Server is ready: true
19:02:40,107 [Thread-27] DEBUG AsyncEventManager  - Event Stats: 
{class com.cyanspring.common.event.system.NodeInfoEvent=1, class com.cyanspring.common.event.marketdata.QuoteEvent=2, class com.cyanspring.common.event.marketdata.QuoteSubEvent=2, class com.cyanspring.common.server.event.ServerReadyEvent=1, class com.cyanspring.common.server.event.MarketDataReadyEvent=3, class com.cyanspring.common.server.event.DownStreamReadyEvent=1}
20:47:27,701 [QFJ Timer] DEBUG ExchangeFixManager  - logout: FIX.4.2:SIMULATOR->Algo
20:47:27,741 [SocketConnectorIoProcessor-0.0] INFO  Session  - [FIX.4.2:Algo->SIMULATOR] Disconnecting: IO Session closed
20:47:27,741 [SocketConnectorIoProcessor-0.0] WARN  DownStreamManager  - Down Stream connection is down: FIX.4.2:Algo->SIMULATOR
20:47:28,241 [MarketDataManager] WARN  AsyncPriorityEventThread  - Slow consumer thread MarketDataManager high queue size: 249
20:47:28,241 [MarketDataManager] WARN  AsyncPriorityEventThread  - Slow consumer thread MarketDataManager high queue size: 200
20:47:28,241 [MarketDataManager] WARN  AsyncPriorityEventThread  - Slow consumer thread MarketDataManager high queue size: 100
20:47:28,241 [MarketDataManager] INFO  AsyncPriorityEventThread  - Slow consumer thread MarketDataManager high back to normal, queue size: 115
20:47:28,241 [MarketDataManager] WARN  AsyncPriorityEventThread  - Slow consumer thread MarketDataManager high queue size: 114
20:47:28,241 [MarketDataManager] WARN  AsyncPriorityEventThread  - Slow consumer thread MarketDataManager high queue size: 100
20:47:28,241 [MarketDataManager] INFO  AsyncPriorityEventThread  - Slow consumer thread MarketDataManager high back to normal, queue size: 99
20:47:29,092 [Server] WARN  AsyncPriorityEventThread  - Slow consumer thread Server high queue size: 114
20:47:29,162 [Server] WARN  AsyncPriorityEventThread  - Slow consumer thread Server high queue size: 100
20:47:29,162 [Server] INFO  AsyncPriorityEventThread  - Slow consumer thread Server high back to normal, queue size: 99
20:47:30,143 [SocketAcceptorIoProcessor-1.0] INFO  AcceptorIoHandler  - MINA session created: /127.0.0.1:57011
20:47:30,213 [SocketConnectorIoProcessor-0.0] INFO  InitiatorIoHandler  - MINA session created for FIX.4.2:Algo->SIMULATOR: local=/127.0.0.1:57011, class org.apache.mina.transport.socket.nio.SocketSessionImpl, remote=localhost/127.0.0.1:13679
20:47:37,427 [QFJ Message Processor] DEBUG ExchangeFixManager  - logon: FIX.4.2:SIMULATOR->Algo
20:47:37,497 [Server] INFO  Server  - Down stream is ready: true
20:48:52,599 [main] DEBUG Server  - 
20:48:52,609 [main] DEBUG Server  - >>>> CLOSING DOWN SERVER, PLEASE WAIT FOR ALL COMPONENTS CLEAN SHUTDOWN <<<
20:48:52,609 [main] DEBUG Server  - 
20:48:54,632 [main] INFO  Server  - uninitialising server
20:48:54,632 [main] INFO  UpStreamManager  - uninitialising
20:48:54,632 [main] INFO  TickDataManager  - uninitialising
20:48:54,693 [main] INFO  DownStreamManager  - uninitialising
20:48:54,693 [main] INFO  MarketDataManager  - uninitialising
20:48:54,693 [main] INFO  RefDataManager  - uninitialising
20:48:54,733 [main] DEBUG RemoteEventManager  - Closing transport...
20:48:55,073 [main] INFO  BrokerService  - ActiveMQ Message Broker (localhost, ID:950-PC-55835-1355137338760-1:1) is shutting down
20:48:56,083 [main] INFO  TransportConnector  - Connector tcp://localHost:61616 Stopped
20:48:56,344 [main] INFO  BrokerService  - ActiveMQ JMS Message Broker (localhost, ID:950-PC-55835-1355137338760-1:1) stopped
