16:09:05,013 [main] INFO  ExchangeBT  - Tick file loaded: src/test/resources/ticks/ANZ.AX.txt
16:09:05,014 [main] INFO  ExchangeBT  - Tick file loaded: src/test/resources/ticks/BHP.AX.txt
16:09:05,015 [main] INFO  ExchangeBT  - Tick file loaded: src/test/resources/ticks/RIO.AX.txt
16:09:05,016 [main] INFO  ExchangeBT  - Tick file loaded: src/test/resources/ticks/WBC.AX.txt
16:09:05,016 [main] INFO  ExchangeBtLoadTickTest  - Quote: ANZ.AX, 2012-08-27 14:56:49.647
16:09:05,017 [main] INFO  ExchangeBtLoadTickTest  - Quote: WBC.AX, 2012-08-27 14:56:49.647
16:09:05,017 [main] INFO  ExchangeBtLoadTickTest  - Quote: BHP.AX, 2012-08-27 14:56:49.647
16:09:05,018 [main] INFO  ExchangeBtLoadTickTest  - Quote: RIO.AX, 2012-08-27 14:56:49.648
16:09:05,018 [main] INFO  ExchangeBtLoadTickTest  - Quote: BHP.AX, 2012-08-27 14:57:05.392
16:09:05,019 [main] INFO  ExchangeBtLoadTickTest  - Quote: WBC.AX, 2012-08-27 14:57:05.392
16:09:05,019 [main] INFO  ExchangeBtLoadTickTest  - Quote: RIO.AX, 2012-08-27 14:57:05.393
16:09:05,020 [main] INFO  ExchangeBtLoadTickTest  - Quote: ANZ.AX, 2012-08-27 14:57:05.393
16:09:05,020 [main] INFO  ExchangeBtLoadTickTest  - Quote: RIO.AX, 2012-08-27 14:57:06.299
16:09:05,021 [main] INFO  ExchangeBtLoadTickTest  - Quote: WBC.AX, 2012-08-27 14:57:06.403
16:09:05,022 [main] INFO  ExchangeBtLoadTickTest  - Quote: BHP.AX, 2012-08-27 14:57:06.830
16:09:05,022 [main] INFO  ExchangeBtLoadTickTest  - Quote: RIO.AX, 2012-08-27 14:57:06.852
16:09:05,023 [main] INFO  ExchangeBtLoadTickTest  - Quote: ANZ.AX, 2012-08-27 14:57:06.971
16:09:05,023 [main] INFO  ExchangeBtLoadTickTest  - Quote: WBC.AX, 2012-08-27 14:57:07.025
16:09:05,024 [main] INFO  ExchangeBtLoadTickTest  - Quote: BHP.AX, 2012-08-27 14:57:07.469
16:09:05,024 [main] INFO  ExchangeBtLoadTickTest  - Quote: WBC.AX, 2012-08-27 14:57:07.592
16:09:05,025 [main] INFO  ExchangeBtLoadTickTest  - Quote: ANZ.AX, 2012-08-27 14:57:08.255
16:09:05,026 [main] INFO  ExchangeBtLoadTickTest  - Quote: RIO.AX, 2012-08-27 14:57:08.448
16:09:05,026 [main] INFO  ExchangeBtLoadTickTest  - Quote: WBC.AX, 2012-08-27 14:57:08.614
16:09:05,027 [main] INFO  ExchangeBtLoadTickTest  - Quote: BHP.AX, 2012-08-27 14:57:09.054
16:09:05,028 [main] INFO  ExchangeBtLoadTickTest  - Quote: RIO.AX, 2012-08-27 14:57:09.415
16:09:05,028 [main] INFO  ExchangeBtLoadTickTest  - Quote: WBC.AX, 2012-08-27 14:57:09.456
16:09:05,029 [main] INFO  ExchangeBtLoadTickTest  - Quote: BHP.AX, 2012-08-27 14:57:10.045
16:09:05,030 [main] INFO  ExchangeBtLoadTickTest  - Quote: ANZ.AX, 2012-08-27 14:57:10.159
16:09:05,031 [main] INFO  ExchangeBtLoadTickTest  - Quote: RIO.AX, 2012-08-27 14:57:10.526
16:09:05,031 [main] INFO  ExchangeBtLoadTickTest  - Quote: WBC.AX, 2012-08-27 14:57:10.946
16:09:05,032 [main] INFO  ExchangeBtLoadTickTest  - Quote: BHP.AX, 2012-08-27 14:57:11.167
16:09:05,033 [main] INFO  ExchangeBtLoadTickTest  - Quote: ANZ.AX, 2012-08-27 14:57:11.537
16:09:05,033 [main] INFO  ExchangeBtLoadTickTest  - Quote: WBC.AX, 2012-08-27 14:57:11.678
16:09:05,034 [main] INFO  ExchangeBtLoadTickTest  - Quote: RIO.AX, 2012-08-27 14:57:12.190
16:09:05,035 [main] INFO  ExchangeBtLoadTickTest  - Quote: BHP.AX, 2012-08-27 14:57:12.651
16:09:05,035 [main] INFO  ExchangeBtLoadTickTest  - Quote: ANZ.AX, 2012-08-27 14:57:12.664
16:09:05,036 [main] INFO  ExchangeBtLoadTickTest  - Quote: RIO.AX, 2012-08-27 14:57:12.990
16:09:05,037 [main] INFO  ExchangeBtLoadTickTest  - Quote: WBC.AX, 2012-08-27 14:57:13.099
16:09:05,038 [main] INFO  ExchangeBtLoadTickTest  - Quote: ANZ.AX, 2012-08-27 14:57:13.690
16:09:05,038 [main] INFO  ExchangeBtLoadTickTest  - Quote: BHP.AX, 2012-08-27 14:57:14.175
16:09:05,039 [main] INFO  ExchangeBtLoadTickTest  - Quote: WBC.AX, 2012-08-27 14:57:14.484
16:09:05,039 [main] INFO  ExchangeBtLoadTickTest  - Trade: WBC.AX, 20.45, 937.0
16:09:05,040 [main] INFO  ExchangeBtLoadTickTest  - Quote: RIO.AX, 2012-08-27 14:57:14.680
16:09:05,040 [main] INFO  ExchangeBtLoadTickTest  - Quote: BHP.AX, 2012-08-27 14:57:15.236
16:09:05,041 [main] INFO  ExchangeBtLoadTickTest  - Quote: RIO.AX, 2012-08-27 14:57:15.331
16:09:05,041 [main] INFO  ExchangeBtLoadTickTest  - Trade: RIO.AX, 54.7, 3005.0
16:09:05,042 [main] INFO  ExchangeBtLoadTickTest  - Quote: ANZ.AX, 2012-08-27 14:57:15.514
16:09:05,042 [main] INFO  ExchangeBtLoadTickTest  - Quote: WBC.AX, 2012-08-27 14:57:16.229
16:09:05,043 [main] INFO  ExchangeBtLoadTickTest  - Quote: ANZ.AX, 2012-08-27 14:57:16.582
16:09:05,043 [main] INFO  ExchangeBtLoadTickTest  - Quote: RIO.AX, 2012-08-27 14:57:16.955
16:09:05,044 [main] INFO  ExchangeBtLoadTickTest  - Quote: BHP.AX, 2012-08-27 14:57:16.999
16:09:05,044 [main] INFO  ExchangeBtLoadTickTest  - Trade: BHP.AX, 36.85, 1619.0
16:09:05,045 [main] INFO  ExchangeBtLoadTickTest  - Quote: WBC.AX, 2012-08-27 14:57:17.261
16:09:05,045 [main] INFO  ExchangeBtLoadTickTest  - Trade: WBC.AX, 20.55, 3126.0
16:09:05,045 [main] INFO  ExchangeBtLoadTickTest  - Quote: ANZ.AX, 2012-08-27 14:57:17.538
16:09:05,045 [main] INFO  ExchangeBtLoadTickTest  - Trade: ANZ.AX, 21.55, 3427.0
16:09:05,046 [main] INFO  ExchangeBtLoadTickTest  - Quote: BHP.AX, 2012-08-27 14:57:17.797
16:09:05,046 [main] INFO  ExchangeBtLoadTickTest  - Trade: BHP.AX, 36.85, 2117.0
16:09:05,047 [main] INFO  ExchangeBtLoadTickTest  - Quote: WBC.AX, 2012-08-27 14:57:18.037
16:09:05,047 [main] INFO  ExchangeBtLoadTickTest  - Quote: RIO.AX, 2012-08-27 14:57:18.253
16:09:05,047 [main] INFO  ExchangeBtLoadTickTest  - Trade: RIO.AX, 54.6, 238.0
16:09:05,048 [main] INFO  ExchangeBtLoadTickTest  - Quote: ANZ.AX, 2012-08-27 14:57:18.695
16:09:05,048 [main] INFO  ExchangeBtLoadTickTest  - Trade: ANZ.AX, 21.55, 709.0
16:09:05,049 [main] INFO  ExchangeBtLoadTickTest  - Quote: BHP.AX, 2012-08-27 14:57:19.548
16:09:05,049 [main] INFO  ExchangeBtLoadTickTest  - Quote: WBC.AX, 2012-08-27 14:57:19.577
16:09:05,050 [main] INFO  ExchangeBtLoadTickTest  - Quote: RIO.AX, 2012-08-27 14:57:20.010
16:09:05,050 [main] INFO  ExchangeBtLoadTickTest  - Trade: RIO.AX, 55.0, 474.0
16:09:05,050 [main] INFO  ExchangeBtLoadTickTest  - Quote: ANZ.AX, 2012-08-27 14:57:20.228
16:09:05,051 [main] INFO  ExchangeBtLoadTickTest  - Quote: BHP.AX, 2012-08-27 14:57:20.531
16:09:05,052 [main] INFO  ExchangeBtLoadTickTest  - Quote: WBC.AX, 2012-08-27 14:57:21.040
16:09:05,052 [main] INFO  ExchangeBtLoadTickTest  - Trade: WBC.AX, 20.2, 3642.0
16:09:05,052 [main] INFO  ExchangeBtLoadTickTest  - Quote: BHP.AX, 2012-08-27 14:57:21.281
16:09:05,052 [main] INFO  ExchangeBtLoadTickTest  - Trade: BHP.AX, 36.45, 2094.0
16:09:05,053 [main] INFO  ExchangeBtLoadTickTest  - Quote: ANZ.AX, 2012-08-27 14:57:21.291
16:09:05,053 [main] INFO  ExchangeBtLoadTickTest  - Trade: ANZ.AX, 21.7, 497.0
16:09:05,053 [main] INFO  ExchangeBtLoadTickTest  - Quote: RIO.AX, 2012-08-27 14:57:21.595
16:09:05,053 [main] INFO  ExchangeBtLoadTickTest  - Trade: RIO.AX, 55.0, 2257.0
16:09:05,054 [main] INFO  ExchangeBtLoadTickTest  - Quote: RIO.AX, 2012-08-27 14:57:22.389
16:09:05,054 [main] INFO  ExchangeBtLoadTickTest  - Trade: RIO.AX, 54.5, 1064.0
16:09:05,054 [main] INFO  ExchangeBtLoadTickTest  - Quote: WBC.AX, 2012-08-27 14:57:22.454
16:09:05,055 [main] INFO  ExchangeBtLoadTickTest  - Trade: WBC.AX, 20.2, 1920.0
16:09:05,055 [main] INFO  ExchangeBtLoadTickTest  - Quote: BHP.AX, 2012-08-27 14:57:22.633
16:09:05,055 [main] INFO  ExchangeBtLoadTickTest  - Trade: BHP.AX, 36.45, 528.0
16:09:05,056 [main] INFO  ExchangeBtLoadTickTest  - Quote: WBC.AX, 2012-08-27 14:57:23.042
16:09:05,056 [main] INFO  ExchangeBtLoadTickTest  - Quote: RIO.AX, 2012-08-27 14:57:23.183
16:09:05,056 [main] INFO  ExchangeBtLoadTickTest  - Trade: RIO.AX, 54.45, 604.0
16:09:05,057 [main] INFO  ExchangeBtLoadTickTest  - Quote: ANZ.AX, 2012-08-27 14:57:23.211
16:09:05,057 [main] INFO  ExchangeBtLoadTickTest  - Trade: ANZ.AX, 21.95, 1633.0
16:09:05,057 [main] INFO  ExchangeBtLoadTickTest  - Quote: WBC.AX, 2012-08-27 14:57:23.799
16:09:05,057 [main] INFO  ExchangeBtLoadTickTest  - Trade: WBC.AX, 20.2, 913.0
16:09:05,057 [main] INFO  ExchangeBtLoadTickTest  - Quote: RIO.AX, 2012-08-27 14:57:24.043
16:09:05,058 [main] INFO  ExchangeBtLoadTickTest  - Trade: RIO.AX, 54.45, 209.0
16:09:05,058 [main] INFO  ExchangeBtLoadTickTest  - Quote: BHP.AX, 2012-08-27 14:57:24.049
16:09:05,058 [main] INFO  ExchangeBT  - Finished replay of tick files
16:09:05,071 [Thread-3] INFO  GenericApplicationContext  - Closing org.springframework.context.support.GenericApplicationContext@6e8f94: startup date [Sat Feb 09 16:08:58 CST 2013]; root of context hierarchy
16:09:05,121 [Thread-9] INFO  GenericApplicationContext  - Closing org.springframework.context.support.GenericApplicationContext@56182f: startup date [Sat Feb 09 16:09:01 CST 2013]; root of context hierarchy
16:09:05,121 [Thread-2] INFO  GenericApplicationContext  - Closing org.springframework.context.support.GenericApplicationContext@d251a3: startup date [Sat Feb 09 16:08:56 CST 2013]; root of context hierarchy
16:09:05,122 [Thread-3] INFO  DefaultListableBeanFactory  - Destroying singletons in org.springframework.beans.factory.support.DefaultListableBeanFactory@13e15f7: defining beans [org.springframework.context.annotation.internalConfigurationAnnotationProcessor,org.springframework.context.annotation.internalAutowiredAnnotationProcessor,org.springframework.context.annotation.internalRequiredAnnotationProcessor,org.springframework.context.annotation.internalCommonAnnotationProcessor,aceptorSettings1,initiatorSettings1]; root of factory hierarchy
16:09:05,123 [Thread-9] INFO  DefaultListableBeanFactory  - Destroying singletons in org.springframework.beans.factory.support.DefaultListableBeanFactory@16db492: defining beans [org.springframework.context.annotation.internalConfigurationAnnotationProcessor,org.springframework.context.annotation.internalAutowiredAnnotationProcessor,org.springframework.context.annotation.internalRequiredAnnotationProcessor,org.springframework.context.annotation.internalCommonAnnotationProcessor,dataSource,sessionFactory,setDerbyLog]; root of factory hierarchy
16:09:05,122 [Thread-2] INFO  DefaultListableBeanFactory  - Destroying singletons in org.springframework.beans.factory.support.DefaultListableBeanFactory@153f67e: defining beans [org.springframework.context.annotation.internalConfigurationAnnotationProcessor,org.springframework.context.annotation.internalAutowiredAnnotationProcessor,org.springframework.context.annotation.internalRequiredAnnotationProcessor,org.springframework.context.annotation.internalCommonAnnotationProcessor,strategyFactory,globalStrategySettings,singleInstrumentCommonDisplayFields,multiInstrumentCommonDisplayFields,multiInstrumentCommonInstrumentDisplayFields,singleInstrumentCommonFieldDefs,multiInstrumentCommonFieldDefs,multiInstrumentCommonInstrumentFieldDefs,org.springframework.beans.factory.config.MethodInvokingFactoryBean#0,org.springframework.beans.factory.config.MethodInvokingFactoryBean#1,org.springframework.beans.factory.config.MethodInvokingFactoryBean#2,defaultExecutionAnalyzer,defaultExecutionManager,eventManager,mdManager,simMarketDataAdaptor,simExchange,strategyContainer,scheduleManager,tickTable,tickTableManager,refDataManager,downStreamManager,simDownStreamAdaptor]; root of factory hierarchy
16:09:05,124 [Thread-9] INFO  LocalSessionFactoryBean  - Closing Hibernate SessionFactory
16:09:05,125 [Thread-9] INFO  SessionFactoryImpl  - closing
