11:31:49,944 [main] INFO  ExchangeBT  - Tick file loaded: src/test/resources/ticks/ANZ.AX.txt
11:31:49,945 [main] INFO  ExchangeBT  - Tick file loaded: src/test/resources/ticks/BHP.AX.txt
11:31:49,946 [main] INFO  ExchangeBT  - Tick file loaded: src/test/resources/ticks/RIO.AX.txt
11:31:49,947 [main] INFO  ExchangeBT  - Tick file loaded: src/test/resources/ticks/WBC.AX.txt
11:31:49,947 [main] INFO  ExchangeBtLoadTickTest  - Quote: ANZ.AX, 2012-08-27 14:56:49.647
11:31:49,948 [main] INFO  ExchangeBtLoadTickTest  - Quote: WBC.AX, 2012-08-27 14:56:49.647
11:31:49,948 [main] INFO  ExchangeBtLoadTickTest  - Quote: BHP.AX, 2012-08-27 14:56:49.647
11:31:49,949 [main] INFO  ExchangeBtLoadTickTest  - Quote: RIO.AX, 2012-08-27 14:56:49.648
11:31:49,949 [main] INFO  ExchangeBtLoadTickTest  - Quote: BHP.AX, 2012-08-27 14:57:05.392
11:31:49,950 [main] INFO  ExchangeBtLoadTickTest  - Quote: WBC.AX, 2012-08-27 14:57:05.392
11:31:49,950 [main] INFO  ExchangeBtLoadTickTest  - Quote: RIO.AX, 2012-08-27 14:57:05.393
11:31:49,951 [main] INFO  ExchangeBtLoadTickTest  - Quote: ANZ.AX, 2012-08-27 14:57:05.393
11:31:49,952 [main] INFO  ExchangeBtLoadTickTest  - Quote: RIO.AX, 2012-08-27 14:57:06.299
11:31:49,952 [main] INFO  ExchangeBtLoadTickTest  - Quote: WBC.AX, 2012-08-27 14:57:06.403
11:31:49,953 [main] INFO  ExchangeBtLoadTickTest  - Quote: BHP.AX, 2012-08-27 14:57:06.830
11:31:49,953 [main] INFO  ExchangeBtLoadTickTest  - Quote: RIO.AX, 2012-08-27 14:57:06.852
11:31:49,954 [main] INFO  ExchangeBtLoadTickTest  - Quote: ANZ.AX, 2012-08-27 14:57:06.971
11:31:49,954 [main] INFO  ExchangeBtLoadTickTest  - Quote: WBC.AX, 2012-08-27 14:57:07.025
11:31:49,955 [main] INFO  ExchangeBtLoadTickTest  - Quote: BHP.AX, 2012-08-27 14:57:07.469
11:31:49,956 [main] INFO  ExchangeBtLoadTickTest  - Quote: WBC.AX, 2012-08-27 14:57:07.592
11:31:49,956 [main] INFO  ExchangeBtLoadTickTest  - Quote: ANZ.AX, 2012-08-27 14:57:08.255
11:31:49,957 [main] INFO  ExchangeBtLoadTickTest  - Quote: RIO.AX, 2012-08-27 14:57:08.448
11:31:49,958 [main] INFO  ExchangeBtLoadTickTest  - Quote: WBC.AX, 2012-08-27 14:57:08.614
11:31:49,958 [main] INFO  ExchangeBtLoadTickTest  - Quote: BHP.AX, 2012-08-27 14:57:09.054
11:31:49,959 [main] INFO  ExchangeBtLoadTickTest  - Quote: RIO.AX, 2012-08-27 14:57:09.415
11:31:49,960 [main] INFO  ExchangeBtLoadTickTest  - Quote: WBC.AX, 2012-08-27 14:57:09.456
11:31:49,960 [main] INFO  ExchangeBtLoadTickTest  - Quote: BHP.AX, 2012-08-27 14:57:10.045
11:31:49,961 [main] INFO  ExchangeBtLoadTickTest  - Quote: ANZ.AX, 2012-08-27 14:57:10.159
11:31:49,962 [main] INFO  ExchangeBtLoadTickTest  - Quote: RIO.AX, 2012-08-27 14:57:10.526
11:31:49,962 [main] INFO  ExchangeBtLoadTickTest  - Quote: WBC.AX, 2012-08-27 14:57:10.946
11:31:49,963 [main] INFO  ExchangeBtLoadTickTest  - Quote: BHP.AX, 2012-08-27 14:57:11.167
11:31:49,964 [main] INFO  ExchangeBtLoadTickTest  - Quote: ANZ.AX, 2012-08-27 14:57:11.537
11:31:49,964 [main] INFO  ExchangeBtLoadTickTest  - Quote: WBC.AX, 2012-08-27 14:57:11.678
11:31:49,965 [main] INFO  ExchangeBtLoadTickTest  - Quote: RIO.AX, 2012-08-27 14:57:12.190
11:31:49,966 [main] INFO  ExchangeBtLoadTickTest  - Quote: BHP.AX, 2012-08-27 14:57:12.651
11:31:49,967 [main] INFO  ExchangeBtLoadTickTest  - Quote: ANZ.AX, 2012-08-27 14:57:12.664
11:31:49,967 [main] INFO  ExchangeBtLoadTickTest  - Quote: RIO.AX, 2012-08-27 14:57:12.990
11:31:49,968 [main] INFO  ExchangeBtLoadTickTest  - Quote: WBC.AX, 2012-08-27 14:57:13.099
11:31:49,969 [main] INFO  ExchangeBtLoadTickTest  - Quote: ANZ.AX, 2012-08-27 14:57:13.690
11:31:49,970 [main] INFO  ExchangeBtLoadTickTest  - Quote: BHP.AX, 2012-08-27 14:57:14.175
11:31:49,970 [main] INFO  ExchangeBtLoadTickTest  - Quote: WBC.AX, 2012-08-27 14:57:14.484
11:31:49,971 [main] INFO  ExchangeBtLoadTickTest  - Trade: WBC.AX, 20.45, 937.0
11:31:49,971 [main] INFO  ExchangeBtLoadTickTest  - Quote: RIO.AX, 2012-08-27 14:57:14.680
11:31:49,972 [main] INFO  ExchangeBtLoadTickTest  - Quote: BHP.AX, 2012-08-27 14:57:15.236
11:31:49,973 [main] INFO  ExchangeBtLoadTickTest  - Quote: RIO.AX, 2012-08-27 14:57:15.331
11:31:49,973 [main] INFO  ExchangeBtLoadTickTest  - Trade: RIO.AX, 54.7, 3005.0
11:31:49,974 [main] INFO  ExchangeBtLoadTickTest  - Quote: ANZ.AX, 2012-08-27 14:57:15.514
11:31:49,975 [main] INFO  ExchangeBtLoadTickTest  - Quote: WBC.AX, 2012-08-27 14:57:16.229
11:31:49,975 [main] INFO  ExchangeBtLoadTickTest  - Quote: ANZ.AX, 2012-08-27 14:57:16.582
11:31:49,976 [main] INFO  ExchangeBtLoadTickTest  - Quote: RIO.AX, 2012-08-27 14:57:16.955
11:31:49,977 [main] INFO  ExchangeBtLoadTickTest  - Quote: BHP.AX, 2012-08-27 14:57:16.999
11:31:49,977 [main] INFO  ExchangeBtLoadTickTest  - Trade: BHP.AX, 36.85, 1619.0
11:31:49,977 [main] INFO  ExchangeBtLoadTickTest  - Quote: WBC.AX, 2012-08-27 14:57:17.261
11:31:49,978 [main] INFO  ExchangeBtLoadTickTest  - Trade: WBC.AX, 20.55, 3126.0
11:31:49,978 [main] INFO  ExchangeBtLoadTickTest  - Quote: ANZ.AX, 2012-08-27 14:57:17.538
11:31:49,978 [main] INFO  ExchangeBtLoadTickTest  - Trade: ANZ.AX, 21.55, 3427.0
11:31:49,979 [main] INFO  ExchangeBtLoadTickTest  - Quote: BHP.AX, 2012-08-27 14:57:17.797
11:31:49,979 [main] INFO  ExchangeBtLoadTickTest  - Trade: BHP.AX, 36.85, 2117.0
11:31:49,979 [main] INFO  ExchangeBtLoadTickTest  - Quote: WBC.AX, 2012-08-27 14:57:18.037
11:31:49,980 [main] INFO  ExchangeBtLoadTickTest  - Quote: RIO.AX, 2012-08-27 14:57:18.253
11:31:49,980 [main] INFO  ExchangeBtLoadTickTest  - Trade: RIO.AX, 54.6, 238.0
11:31:49,981 [main] INFO  ExchangeBtLoadTickTest  - Quote: ANZ.AX, 2012-08-27 14:57:18.695
11:31:49,981 [main] INFO  ExchangeBtLoadTickTest  - Trade: ANZ.AX, 21.55, 709.0
11:31:49,982 [main] INFO  ExchangeBtLoadTickTest  - Quote: BHP.AX, 2012-08-27 14:57:19.548
11:31:49,983 [main] INFO  ExchangeBtLoadTickTest  - Quote: WBC.AX, 2012-08-27 14:57:19.577
11:31:49,983 [main] INFO  ExchangeBtLoadTickTest  - Quote: RIO.AX, 2012-08-27 14:57:20.010
11:31:49,983 [main] INFO  ExchangeBtLoadTickTest  - Trade: RIO.AX, 55.0, 474.0
11:31:49,984 [main] INFO  ExchangeBtLoadTickTest  - Quote: ANZ.AX, 2012-08-27 14:57:20.228
11:31:49,985 [main] INFO  ExchangeBtLoadTickTest  - Quote: BHP.AX, 2012-08-27 14:57:20.531
11:31:49,985 [main] INFO  ExchangeBtLoadTickTest  - Quote: WBC.AX, 2012-08-27 14:57:21.040
11:31:49,985 [main] INFO  ExchangeBtLoadTickTest  - Trade: WBC.AX, 20.2, 3642.0
11:31:49,986 [main] INFO  ExchangeBtLoadTickTest  - Quote: BHP.AX, 2012-08-27 14:57:21.281
11:31:49,986 [main] INFO  ExchangeBtLoadTickTest  - Trade: BHP.AX, 36.45, 2094.0
11:31:49,986 [main] INFO  ExchangeBtLoadTickTest  - Quote: ANZ.AX, 2012-08-27 14:57:21.291
11:31:49,986 [main] INFO  ExchangeBtLoadTickTest  - Trade: ANZ.AX, 21.7, 497.0
11:31:49,987 [main] INFO  ExchangeBtLoadTickTest  - Quote: RIO.AX, 2012-08-27 14:57:21.595
11:31:49,987 [main] INFO  ExchangeBtLoadTickTest  - Trade: RIO.AX, 55.0, 2257.0
11:31:49,988 [main] INFO  ExchangeBtLoadTickTest  - Quote: RIO.AX, 2012-08-27 14:57:22.389
11:31:49,988 [main] INFO  ExchangeBtLoadTickTest  - Trade: RIO.AX, 54.5, 1064.0
11:31:49,988 [main] INFO  ExchangeBtLoadTickTest  - Quote: WBC.AX, 2012-08-27 14:57:22.454
11:31:49,988 [main] INFO  ExchangeBtLoadTickTest  - Trade: WBC.AX, 20.2, 1920.0
11:31:49,989 [main] INFO  ExchangeBtLoadTickTest  - Quote: BHP.AX, 2012-08-27 14:57:22.633
11:31:49,989 [main] INFO  ExchangeBtLoadTickTest  - Trade: BHP.AX, 36.45, 528.0
11:31:49,990 [main] INFO  ExchangeBtLoadTickTest  - Quote: WBC.AX, 2012-08-27 14:57:23.042
11:31:49,990 [main] INFO  ExchangeBtLoadTickTest  - Quote: RIO.AX, 2012-08-27 14:57:23.183
11:31:49,990 [main] INFO  ExchangeBtLoadTickTest  - Trade: RIO.AX, 54.45, 604.0
11:31:49,991 [main] INFO  ExchangeBtLoadTickTest  - Quote: ANZ.AX, 2012-08-27 14:57:23.211
11:31:49,991 [main] INFO  ExchangeBtLoadTickTest  - Trade: ANZ.AX, 21.95, 1633.0
11:31:49,991 [main] INFO  ExchangeBtLoadTickTest  - Quote: WBC.AX, 2012-08-27 14:57:23.799
11:31:49,991 [main] INFO  ExchangeBtLoadTickTest  - Trade: WBC.AX, 20.2, 913.0
11:31:49,991 [main] INFO  ExchangeBtLoadTickTest  - Quote: RIO.AX, 2012-08-27 14:57:24.043
11:31:49,991 [main] INFO  ExchangeBtLoadTickTest  - Trade: RIO.AX, 54.45, 209.0
11:31:49,992 [main] INFO  ExchangeBtLoadTickTest  - Quote: BHP.AX, 2012-08-27 14:57:24.049
11:31:49,992 [main] INFO  ExchangeBT  - Finished replay of tick files
11:31:50,004 [Thread-2] INFO  GenericApplicationContext  - Closing org.springframework.context.support.GenericApplicationContext@d251a3: startup date [Sat Feb 16 11:31:38 CST 2013]; root of context hierarchy
11:31:50,053 [Thread-9] INFO  GenericApplicationContext  - Closing org.springframework.context.support.GenericApplicationContext@4de3fe: startup date [Sat Feb 16 11:31:44 CST 2013]; root of context hierarchy
11:31:50,053 [Thread-3] INFO  GenericApplicationContext  - Closing org.springframework.context.support.GenericApplicationContext@943dc4: startup date [Sat Feb 16 11:31:41 CST 2013]; root of context hierarchy
11:31:50,055 [Thread-2] INFO  DefaultListableBeanFactory  - Destroying singletons in org.springframework.beans.factory.support.DefaultListableBeanFactory@3bc257: defining beans [org.springframework.context.annotation.internalConfigurationAnnotationProcessor,org.springframework.context.annotation.internalAutowiredAnnotationProcessor,org.springframework.context.annotation.internalRequiredAnnotationProcessor,org.springframework.context.annotation.internalCommonAnnotationProcessor,strategyFactory,globalStrategySettings,singleInstrumentCommonDisplayFields,multiInstrumentCommonDisplayFields,multiInstrumentCommonInstrumentDisplayFields,singleInstrumentCommonFieldDefs,multiInstrumentCommonFieldDefs,multiInstrumentCommonInstrumentFieldDefs,org.springframework.beans.factory.config.MethodInvokingFactoryBean#0,org.springframework.beans.factory.config.MethodInvokingFactoryBean#1,org.springframework.beans.factory.config.MethodInvokingFactoryBean#2,defaultExecutionAnalyzer,defaultExecutionManager,eventManager,mdManager,simMarketDataAdaptor,simExchange,strategyContainer,scheduleManager,tickTable,tickTableManager,refDataManager,downStreamManager,simDownStreamAdaptor]; root of factory hierarchy
11:31:50,055 [Thread-3] INFO  DefaultListableBeanFactory  - Destroying singletons in org.springframework.beans.factory.support.DefaultListableBeanFactory@61373f: defining beans [org.springframework.context.annotation.internalConfigurationAnnotationProcessor,org.springframework.context.annotation.internalAutowiredAnnotationProcessor,org.springframework.context.annotation.internalRequiredAnnotationProcessor,org.springframework.context.annotation.internalCommonAnnotationProcessor,aceptorSettings1,initiatorSettings1]; root of factory hierarchy
11:31:50,057 [Thread-9] INFO  DefaultListableBeanFactory  - Destroying singletons in org.springframework.beans.factory.support.DefaultListableBeanFactory@169df00: defining beans [org.springframework.context.annotation.internalConfigurationAnnotationProcessor,org.springframework.context.annotation.internalAutowiredAnnotationProcessor,org.springframework.context.annotation.internalRequiredAnnotationProcessor,org.springframework.context.annotation.internalCommonAnnotationProcessor,dataSource,sessionFactory,setDerbyLog]; root of factory hierarchy
11:31:50,058 [Thread-9] INFO  LocalSessionFactoryBean  - Closing Hibernate SessionFactory
11:31:50,058 [Thread-9] INFO  SessionFactoryImpl  - closing
