16:22:44,866 [main] INFO  FileSystemXmlApplicationContext  - Refreshing org.springframework.context.support.FileSystemXmlApplicationContext@19dfbff: startup date [Mon May 13 16:22:44 CST 2013]; root of context hierarchy
16:22:44,973 [main] INFO  XmlBeanDefinitionReader  - Loading XML bean definitions from file [C:\Projects\algo\server\conf\server.xml]
16:22:45,151 [main] INFO  XmlBeanDefinitionReader  - Loading XML bean definitions from file [C:\Projects\algo\server\conf\server_sim.xml]
16:22:45,197 [main] INFO  XmlBeanDefinitionReader  - Loading XML bean definitions from file [C:\Projects\algo\server\conf\business.xml]
16:22:45,257 [main] INFO  XmlBeanDefinitionReader  - Loading XML bean definitions from file [C:\Projects\algo\server\conf\strategy.xml]
16:22:45,305 [main] INFO  XmlBeanDefinitionReader  - Loading XML bean definitions from file [C:\Projects\algo\server\conf\built-in.xml]
16:22:45,329 [main] INFO  XmlBeanDefinitionReader  - Loading XML bean definitions from URL [file:/C:/Projects/algo/common/target/classes/conf/common.xml]
16:22:45,352 [main] INFO  XmlBeanDefinitionReader  - Loading XML bean definitions from file [C:\Projects\algo\server\conf\MarketSession.xml]
16:22:45,378 [main] INFO  XmlBeanDefinitionReader  - Loading XML bean definitions from file [C:\Projects\algo\server\conf\persistence.xml]
16:22:45,825 [main] INFO  DefaultListableBeanFactory  - Pre-instantiating singletons in org.springframework.beans.factory.support.DefaultListableBeanFactory@1549f94: defining beans [org.springframework.context.annotation.internalConfigurationAnnotationProcessor,org.springframework.context.annotation.internalAutowiredAnnotationProcessor,org.springframework.context.annotation.internalRequiredAnnotationProcessor,org.springframework.context.annotation.internalCommonAnnotationProcessor,parentOrderValidator,orderFieldValidator,twoWayOrderValidator,twoWayOrderFieldValidator,strategyOrderValidator,parentOrderPreCheck,fixToOrderMap,fixParentOrderConverter,fixDataConverter,utcTimeOnlyConverter,parentOrderDefaultValueFiller,defaultStartEndTime,strategyFactory,globalStrategySettings,singleOrderCommonDisplayFields,multiInstrumentCommonDisplayFields,multiInstrumentCommonInstrumentDisplayFields,singleOrderCommonFieldDefs,multiInstrumentCommonFieldDefs,multiInstrumentCommonInstrumentFieldDefs,org.springframework.beans.factory.config.MethodInvokingFactoryBean#0,org.springframework.beans.factory.config.MethodInvokingFactoryBean#1,org.springframework.beans.factory.config.MethodInvokingFactoryBean#2,defaultExecutionAnalyzer,defaultExecutionManager,dataConverter,quantityConverter,priceConverter,marketSessionManager,dataSource,sessionFactory,setDerbyLog,server,systemInfo,transportService,eventManager,persistenceManager,mdManager,simMarketDataAdaptor,simExchange,strategyContainer,orderManager,scheduleManager,tickTable,tickTableManager,businessManager,orderGenerator,tickDataManager,tickDataWriter,refDataManager,downStreamManager,simDownStreamAdaptor,upStreamManager,fixUpStreamAdaptor,fixDownStreamAdaptor,simExchangeFixSettings]; root of factory hierarchy
16:22:47,423 [main] INFO  Version  - Hibernate Commons Annotations 3.2.0.Final
16:22:47,431 [main] INFO  Environment  - Hibernate 3.6.3.Final
16:22:47,434 [main] INFO  Environment  - hibernate.properties not found
16:22:47,437 [main] INFO  Environment  - Bytecode provider name : javassist
16:22:47,442 [main] INFO  Environment  - using JDK 1.4 java.sql.Timestamp handling
16:22:47,674 [main] INFO  LocalSessionFactoryBean  - Building new Hibernate SessionFactory
16:22:47,745 [main] INFO  HbmBinder  - Mapping class: com.cyanspring.common.business.Execution -> ANYONE.EXECUTIONS
16:22:47,762 [main] INFO  HbmBinder  - Mapping class: com.cyanspring.common.business.ChildOrder -> ANYONE.ACTIVE_CHILD_ORDERS
16:22:47,763 [main] INFO  HbmBinder  - Mapping class: com.cyanspring.server.persistence.ChildOrderAudit -> ANYONE.CHILD_ORDER_AUDIT
16:22:47,764 [main] INFO  HbmBinder  - Mapping class: com.cyanspring.server.persistence.TextObject -> ANYONE.STRATEGIES
16:22:47,776 [main] INFO  Configuration  - Hibernate Validator not found: ignoring
16:22:47,786 [main] INFO  HibernateSearchEventListenerRegister  - Unable to find org.hibernate.search.event.FullTextIndexEventListener on the classpath. Hibernate Search is not enabled.
16:22:47,858 [main] WARN  RootClass  - composite-id class does not override equals(): com.cyanspring.server.persistence.TextObject
16:22:47,858 [main] WARN  RootClass  - composite-id class does not override hashCode(): com.cyanspring.server.persistence.TextObject
16:22:47,862 [main] INFO  ConnectionProviderFactory  - Initializing connection provider: org.springframework.orm.hibernate3.LocalDataSourceConnectionProvider
16:22:49,054 [main] INFO  Dialect  - Using dialect: org.hibernate.dialect.DerbyDialect
16:22:49,093 [main] INFO  SettingsFactory  - Database ->
       name : Apache Derby
    version : 10.8.2.2 - (1181258)
      major : 10
      minor : 8
16:22:49,093 [main] INFO  SettingsFactory  - Driver ->
       name : Apache Derby Embedded JDBC Driver
    version : 10.8.2.2 - (1181258)
      major : 10
      minor : 8
16:22:49,095 [main] INFO  TransactionFactoryFactory  - Using default transaction strategy (direct JDBC transactions)
16:22:49,096 [main] INFO  TransactionManagerLookupFactory  - No TransactionManagerLookup configured (in JTA environment, use of read-write or transactional second-level cache is not recommended)
16:22:49,097 [main] INFO  SettingsFactory  - Automatic flush during beforeCompletion(): disabled
16:22:49,097 [main] INFO  SettingsFactory  - Automatic session close at end of transaction: disabled
16:22:49,097 [main] INFO  SettingsFactory  - Scrollable result sets: enabled
16:22:49,097 [main] INFO  SettingsFactory  - JDBC3 getGeneratedKeys(): disabled
16:22:49,098 [main] INFO  SettingsFactory  - Connection release mode: on_close
16:22:49,098 [main] INFO  SettingsFactory  - Default batch fetch size: 1
16:22:49,098 [main] INFO  SettingsFactory  - Generate SQL with comments: disabled
16:22:49,098 [main] INFO  SettingsFactory  - Order SQL updates by primary key: disabled
16:22:49,098 [main] INFO  SettingsFactory  - Order SQL inserts for batching: disabled
16:22:49,098 [main] INFO  SettingsFactory  - Query translator: org.hibernate.hql.ast.ASTQueryTranslatorFactory
16:22:49,100 [main] INFO  ASTQueryTranslatorFactory  - Using ASTQueryTranslatorFactory
16:22:49,101 [main] INFO  SettingsFactory  - Query language substitutions: {}
16:22:49,101 [main] INFO  SettingsFactory  - JPA-QL strict compliance: disabled
16:22:49,101 [main] INFO  SettingsFactory  - Second-level cache: enabled
16:22:49,101 [main] INFO  SettingsFactory  - Query cache: disabled
16:22:49,101 [main] INFO  SettingsFactory  - Cache region factory : org.hibernate.cache.impl.NoCachingRegionFactory
16:22:49,102 [main] INFO  SettingsFactory  - Optimize cache for minimal puts: disabled
16:22:49,102 [main] INFO  SettingsFactory  - Structured second-level cache entries: disabled
16:22:49,108 [main] INFO  SettingsFactory  - Statistics: disabled
16:22:49,109 [main] INFO  SettingsFactory  - Deleted entity synthetic identifier rollback: disabled
16:22:49,109 [main] INFO  SettingsFactory  - Default entity-mode: pojo
16:22:49,109 [main] INFO  SettingsFactory  - Named query checking : enabled
16:22:49,109 [main] INFO  SettingsFactory  - Check Nullability in Core (should be disabled when Bean Validation is on): enabled
16:22:49,132 [main] INFO  SessionFactoryImpl  - building session factory
16:22:49,140 [main] INFO  BasicTypeRegistry  - Type registration [wrapper_materialized_blob] overrides previous : org.hibernate.type.WrappedMaterializedBlobType@135133
16:22:49,140 [main] INFO  BasicTypeRegistry  - Type registration [materialized_clob] overrides previous : org.hibernate.type.MaterializedClobType@381d92
16:22:49,140 [main] INFO  BasicTypeRegistry  - Type registration [clob] overrides previous : org.hibernate.type.ClobType@1d8e9e
16:22:49,140 [main] INFO  BasicTypeRegistry  - Type registration [java.sql.Clob] overrides previous : org.hibernate.type.ClobType@1d8e9e
16:22:49,141 [main] INFO  BasicTypeRegistry  - Type registration [materialized_blob] overrides previous : org.hibernate.type.MaterializedBlobType@7e5130
16:22:49,141 [main] INFO  BasicTypeRegistry  - Type registration [characters_clob] overrides previous : org.hibernate.type.PrimitiveCharacterArrayClobType@1042fcc
16:22:49,141 [main] INFO  BasicTypeRegistry  - Type registration [wrapper_characters_clob] overrides previous : org.hibernate.type.CharacterArrayClobType@e85825
16:22:49,141 [main] INFO  BasicTypeRegistry  - Type registration [blob] overrides previous : org.hibernate.type.BlobType@1f2f70a
16:22:49,141 [main] INFO  BasicTypeRegistry  - Type registration [java.sql.Blob] overrides previous : org.hibernate.type.BlobType@1f2f70a
16:22:49,465 [main] INFO  SessionFactoryObjectFactory  - Not binding factory to JNDI, no JNDI name configured
16:22:49,990 [main] INFO  Server  - SystemInfo: Test:EB:S1:tcp://localhost:61616
16:22:50,202 [main] INFO  BrokerService  - Using Persistence Adapter: MemoryPersistenceAdapter
16:22:50,204 [main] INFO  BrokerService  - ActiveMQ 5.5.0 JMS Message Broker (localhost) is starting
16:22:50,204 [main] INFO  BrokerService  - For help or more information please see: http://activemq.apache.org/
16:22:50,216 [JMX connector] INFO  ManagementContext  - JMX consoles can connect to service:jmx:rmi:///jndi/rmi://localhost:1099/jmxrmi
16:22:50,356 [main] INFO  TransportServerThreadSupport  - Listening for connections at: tcp://127.0.0.1:61616
16:22:50,356 [main] INFO  TransportConnector  - Connector tcp://localHost:61616 Started
16:22:50,359 [main] INFO  BrokerService  - ActiveMQ JMS Message Broker (localhost, ID:950-PC-54023-1368433366567-1:1) started
16:22:50,799 [main] DEBUG Server  - ScheduleManager initialized
16:22:50,799 [main] DEBUG Server  - PersistenceManager initialized
16:22:51,630 [main] DEBUG PersistenceManager  - TextObject Records deleted: 0
16:22:51,639 [main] WARN  HQLQueryPlan  - manipulation query [delete from ChildOrder where created < :created and serverId = :serverId] resulted in [2] split queries
16:22:51,685 [main] DEBUG PersistenceManager  - ChildOrder Records deleted: 0
16:22:51,694 [main] DEBUG PersistenceManager  - ChildOrderAudit Records deleted: 0
16:22:51,718 [main] DEBUG PersistenceManager  - Execution Records deleted: 0
16:22:51,722 [main] DEBUG Server  - OrderManager initialized
16:22:51,722 [main] DEBUG Server  - BusinessManager initialized
16:22:51,734 [main] INFO  StrategyFactory  - loading strategy jar file: strategies\cyanspring-custom-1.53.jar
16:22:51,743 [main] INFO  ClassEnumerator  - Reading JAR file: 'strategies/cyanspring-custom-1.53.jar'
16:22:51,764 [main] INFO  StrategyFactory  - discovered custom strategy: class com.cyanspring.custom.strategy.CustomStrategy1
16:22:51,764 [main] INFO  StrategyFactory  - Loading conf/CustomStrategy1.xml from cyanspring-custom-1.53.jar
16:22:51,770 [main] INFO  XmlBeanDefinitionReader  - Loading XML bean definitions from resource loaded through InputStream
16:22:51,774 [main] INFO  GenericApplicationContext  - Refreshing org.springframework.context.support.GenericApplicationContext@a2da07: startup date [Mon May 13 16:22:51 CST 2013]; parent: org.springframework.context.support.FileSystemXmlApplicationContext@19dfbff
16:22:51,775 [main] INFO  DefaultListableBeanFactory  - Pre-instantiating singletons in org.springframework.beans.factory.support.DefaultListableBeanFactory@14ff81a: defining beans [customStrategy1]; parent: org.springframework.beans.factory.support.DefaultListableBeanFactory@1549f94
16:22:51,816 [main] INFO  StrategyFactory  - Registered strategy CUSTOM1 to bean customStrategy1
16:22:51,816 [main] INFO  StrategyFactory  - discovered custom strategy: class com.cyanspring.custom.strategy.CustomStrategy2
16:22:51,817 [main] INFO  StrategyFactory  - Loading conf/CustomStrategy2.xml from cyanspring-custom-1.53.jar
16:22:51,817 [main] INFO  XmlBeanDefinitionReader  - Loading XML bean definitions from resource loaded through InputStream
16:22:51,822 [main] INFO  GenericApplicationContext  - Refreshing org.springframework.context.support.GenericApplicationContext@377e2a: startup date [Mon May 13 16:22:51 CST 2013]; parent: org.springframework.context.support.FileSystemXmlApplicationContext@19dfbff
16:22:51,823 [main] INFO  DefaultListableBeanFactory  - Pre-instantiating singletons in org.springframework.beans.factory.support.DefaultListableBeanFactory@1263b07: defining beans [customStrategy2FieldDefs,customStrategy2InstrumentFieldDefs,customStrategy2]; parent: org.springframework.beans.factory.support.DefaultListableBeanFactory@1549f94
16:22:51,837 [main] INFO  StrategyFactory  - Registered strategy CUSTOM2 to bean customStrategy2
16:22:51,837 [main] INFO  StrategyFactory  - loading strategy jar file: strategies\cyanspring-sample-1.53.jar
16:22:51,837 [main] INFO  ClassEnumerator  - Reading JAR file: 'strategies/cyanspring-sample-1.53.jar'
16:22:51,987 [main] INFO  StrategyFactory  - discovered custom strategy: class com.cyanspring.sample.custom.DummyStrategy
16:22:51,987 [main] INFO  StrategyFactory  - Loading conf/DummyStrategy.xml from cyanspring-sample-1.53.jar
16:22:51,989 [main] INFO  XmlBeanDefinitionReader  - Loading XML bean definitions from resource loaded through InputStream
16:22:51,993 [main] INFO  GenericApplicationContext  - Refreshing org.springframework.context.support.GenericApplicationContext@1913751: startup date [Mon May 13 16:22:51 CST 2013]; parent: org.springframework.context.support.FileSystemXmlApplicationContext@19dfbff
16:22:51,993 [main] INFO  DefaultListableBeanFactory  - Pre-instantiating singletons in org.springframework.beans.factory.support.DefaultListableBeanFactory@ac2d3c: defining beans [dummyStrategy]; parent: org.springframework.beans.factory.support.DefaultListableBeanFactory@1549f94
16:22:52,004 [main] INFO  StrategyFactory  - Registered strategy DUMMY to bean dummyStrategy
16:22:52,004 [main] INFO  StrategyFactory  - discovered custom strategy: class com.cyanspring.sample.custom.MarketMakingStrategy
16:22:52,004 [main] INFO  StrategyFactory  - Loading conf/MarketMakingStrategy.xml from cyanspring-sample-1.53.jar
16:22:52,005 [main] INFO  XmlBeanDefinitionReader  - Loading XML bean definitions from resource loaded through InputStream
16:22:52,009 [main] INFO  GenericApplicationContext  - Refreshing org.springframework.context.support.GenericApplicationContext@19f9c7a: startup date [Mon May 13 16:22:52 CST 2013]; parent: org.springframework.context.support.FileSystemXmlApplicationContext@19dfbff
16:22:52,010 [main] INFO  DefaultListableBeanFactory  - Pre-instantiating singletons in org.springframework.beans.factory.support.DefaultListableBeanFactory@d41f3: defining beans [markingMakingStrategyFieldDefs,markingMakingStrategyInstrumentFieldDefs,marketMakingStrategy]; parent: org.springframework.beans.factory.support.DefaultListableBeanFactory@1549f94
16:22:52,022 [main] INFO  StrategyFactory  - Registered strategy MARKET_MAKING to bean marketMakingStrategy
16:22:52,023 [main] INFO  StrategyFactory  - discovered custom strategy: class com.cyanspring.sample.custom.TrendingStrategy
16:22:52,023 [main] INFO  StrategyFactory  - Loading conf/TrendingStrategy.xml from cyanspring-sample-1.53.jar
16:22:52,024 [main] INFO  XmlBeanDefinitionReader  - Loading XML bean definitions from resource loaded through InputStream
16:22:52,027 [main] INFO  GenericApplicationContext  - Refreshing org.springframework.context.support.GenericApplicationContext@c639ce: startup date [Mon May 13 16:22:52 CST 2013]; parent: org.springframework.context.support.FileSystemXmlApplicationContext@19dfbff
16:22:52,028 [main] INFO  DefaultListableBeanFactory  - Pre-instantiating singletons in org.springframework.beans.factory.support.DefaultListableBeanFactory@10948cf: defining beans [trendingStrategyFieldDefs,trendingStrategyInstrumentFieldDefs,trendingStrategy]; parent: org.springframework.beans.factory.support.DefaultListableBeanFactory@1549f94
16:22:52,040 [main] INFO  StrategyFactory  - Registered strategy TRENDING to bean trendingStrategy
16:22:52,041 [main] INFO  StrategyFactory  - discovered custom strategy: class com.cyanspring.sample.multiinstrument.dollarneutral.DollarNeutralStrategy
16:22:52,041 [main] INFO  StrategyFactory  - Loading conf/DollarNeutralStrategy.xml from cyanspring-sample-1.53.jar
16:22:52,042 [main] INFO  XmlBeanDefinitionReader  - Loading XML bean definitions from resource loaded through InputStream
16:22:52,048 [main] INFO  GenericApplicationContext  - Refreshing org.springframework.context.support.GenericApplicationContext@738dcb: startup date [Mon May 13 16:22:52 CST 2013]; parent: org.springframework.context.support.FileSystemXmlApplicationContext@19dfbff
16:22:52,049 [main] INFO  DefaultListableBeanFactory  - Pre-instantiating singletons in org.springframework.beans.factory.support.DefaultListableBeanFactory@966905: defining beans [dollarNeutralStrategyFieldDefs,dollarNeutralInstrumentFieldDefs,dollarNeutralStrategy]; parent: org.springframework.beans.factory.support.DefaultListableBeanFactory@1549f94
16:22:52,064 [main] INFO  StrategyFactory  - Registered strategy DOLLAR_NEUTRAL to bean dollarNeutralStrategy
16:22:52,064 [main] INFO  StrategyFactory  - discovered custom strategy: class com.cyanspring.sample.multiinstrument.lowhigh.LowHighStrategy
16:22:52,064 [main] INFO  StrategyFactory  - Loading conf/LowHighStrategy.xml from cyanspring-sample-1.53.jar
16:22:52,065 [main] INFO  XmlBeanDefinitionReader  - Loading XML bean definitions from resource loaded through InputStream
16:22:52,070 [main] INFO  GenericApplicationContext  - Refreshing org.springframework.context.support.GenericApplicationContext@c1e4d5: startup date [Mon May 13 16:22:52 CST 2013]; parent: org.springframework.context.support.FileSystemXmlApplicationContext@19dfbff
16:22:52,071 [main] INFO  DefaultListableBeanFactory  - Pre-instantiating singletons in org.springframework.beans.factory.support.DefaultListableBeanFactory@1a81bd5: defining beans [lowHighStrategyFieldDefs,lowHighInstrumentFieldDefs,lowHighStrategy]; parent: org.springframework.beans.factory.support.DefaultListableBeanFactory@1549f94
16:22:52,085 [main] INFO  StrategyFactory  - Registered strategy LOW_HIGH to bean lowHighStrategy
16:22:52,085 [main] INFO  StrategyFactory  - discovered custom strategy: class com.cyanspring.sample.singleorder.iceberg.IcebergStrategy
16:22:52,085 [main] INFO  StrategyFactory  - Loading conf/IcebergStrategy.xml from cyanspring-sample-1.53.jar
16:22:52,086 [main] INFO  XmlBeanDefinitionReader  - Loading XML bean definitions from resource loaded through InputStream
16:22:52,089 [main] INFO  GenericApplicationContext  - Refreshing org.springframework.context.support.GenericApplicationContext@1b78953: startup date [Mon May 13 16:22:52 CST 2013]; parent: org.springframework.context.support.FileSystemXmlApplicationContext@19dfbff
16:22:52,090 [main] INFO  DefaultListableBeanFactory  - Pre-instantiating singletons in org.springframework.beans.factory.support.DefaultListableBeanFactory@1342f5b: defining beans [icebergStrategy]; parent: org.springframework.beans.factory.support.DefaultListableBeanFactory@1549f94
16:22:52,100 [main] INFO  StrategyFactory  - Registered strategy ICEBERG to bean icebergStrategy
16:22:52,100 [main] INFO  StrategyFactory  - discovered custom strategy: class com.cyanspring.sample.singleorder.pov.POVStrategy
16:22:52,100 [main] INFO  StrategyFactory  - Loading conf/POVStrategy.xml from cyanspring-sample-1.53.jar
16:22:52,101 [main] INFO  XmlBeanDefinitionReader  - Loading XML bean definitions from resource loaded through InputStream
16:22:52,104 [main] INFO  GenericApplicationContext  - Refreshing org.springframework.context.support.GenericApplicationContext@187e184: startup date [Mon May 13 16:22:52 CST 2013]; parent: org.springframework.context.support.FileSystemXmlApplicationContext@19dfbff
16:22:52,105 [main] INFO  DefaultListableBeanFactory  - Pre-instantiating singletons in org.springframework.beans.factory.support.DefaultListableBeanFactory@e51bda: defining beans [povStrategy]; parent: org.springframework.beans.factory.support.DefaultListableBeanFactory@1549f94
16:22:52,115 [main] INFO  StrategyFactory  - Registered strategy POV to bean povStrategy
16:22:52,115 [main] INFO  StrategyFactory  - discovered custom strategy: class com.cyanspring.sample.singleorder.sdma.SDMAStrategy
16:22:52,115 [main] INFO  StrategyFactory  - Loading conf/SDMAStrategy.xml from cyanspring-sample-1.53.jar
16:22:52,116 [main] INFO  XmlBeanDefinitionReader  - Loading XML bean definitions from resource loaded through InputStream
16:22:52,119 [main] INFO  GenericApplicationContext  - Refreshing org.springframework.context.support.GenericApplicationContext@14a616: startup date [Mon May 13 16:22:52 CST 2013]; parent: org.springframework.context.support.FileSystemXmlApplicationContext@19dfbff
16:22:52,120 [main] INFO  DefaultListableBeanFactory  - Pre-instantiating singletons in org.springframework.beans.factory.support.DefaultListableBeanFactory@a96606: defining beans [sdmaStrategy]; parent: org.springframework.beans.factory.support.DefaultListableBeanFactory@1549f94
16:22:52,129 [main] INFO  StrategyFactory  - Registered strategy SDMA to bean sdmaStrategy
16:22:52,129 [main] INFO  StrategyFactory  - discovered custom strategy: class com.cyanspring.sample.singleorder.sniper.SniperStrategy
16:22:52,129 [main] INFO  StrategyFactory  - Loading conf/SniperStrategy.xml from cyanspring-sample-1.53.jar
16:22:52,130 [main] INFO  XmlBeanDefinitionReader  - Loading XML bean definitions from resource loaded through InputStream
16:22:52,133 [main] INFO  GenericApplicationContext  - Refreshing org.springframework.context.support.GenericApplicationContext@2250d5: startup date [Mon May 13 16:22:52 CST 2013]; parent: org.springframework.context.support.FileSystemXmlApplicationContext@19dfbff
16:22:52,133 [main] INFO  DefaultListableBeanFactory  - Pre-instantiating singletons in org.springframework.beans.factory.support.DefaultListableBeanFactory@3e574: defining beans [sniperStrategy]; parent: org.springframework.beans.factory.support.DefaultListableBeanFactory@1549f94
16:22:52,143 [main] INFO  StrategyFactory  - Registered strategy SNIPER to bean sniperStrategy
16:22:52,180 [main] INFO  OrderGenerator  - Initialising OrderGenerator
16:22:52,180 [main] DEBUG MarketSessionManager  - Session start time: AM_NO_TRADING : Mon May 13 00:00:00 CST 2013
16:22:52,180 [main] DEBUG MarketSessionManager  - Session start time: AM_OPEN_AUCTION : Mon May 13 09:00:00 CST 2013
16:22:52,181 [main] DEBUG MarketSessionManager  - Session start time: AM_OPEN_AUCTION_MARKET_TYPE_ONLY : Mon May 13 09:15:00 CST 2013
16:22:52,181 [main] DEBUG MarketSessionManager  - Session start time: AM_OPEN_AUCTION_BLOCKING : Mon May 13 09:20:00 CST 2013
16:22:52,181 [main] DEBUG MarketSessionManager  - Session start time: AM_CONTINUOUS_TRADING : Mon May 13 09:30:00 CST 2013
16:22:52,181 [main] DEBUG MarketSessionManager  - Session start time: LUNCH_BLOCKING : Mon May 13 12:00:00 CST 2013
16:22:52,181 [main] DEBUG MarketSessionManager  - Session start time: LUNCH_BLOCKING_AMEND_CANCEL_ALLOW : Mon May 13 13:00:00 CST 2013
16:22:52,182 [main] DEBUG MarketSessionManager  - Session start time: PM_CONTINUOUS_TRADING : Mon May 13 13:30:00 CST 2013
16:22:52,182 [main] DEBUG MarketSessionManager  - Session start time: PM_NO_TRADING : Mon May 13 16:00:00 CST 2013
16:22:52,182 [main] INFO  RefDataManager  - initialising
16:22:52,219 [main] INFO  MarketDataManager  - initialising
16:22:52,220 [main] INFO  DownStreamManager  - initialising
16:22:52,248 [MarketDataManager] INFO  AsyncEventProcessor  - processAsyncTimerEvent added in method map
16:22:52,250 [Server] INFO  Server  - Market data is ready: true
16:22:54,381 [main] INFO  SessionSchedule  - [FIX.4.2:Algo->SIMULATOR] daily, 00:00:00-UTC - 00:00:00-UTC
16:22:54,399 [main] DEBUG FixAdaptor  - Adding FIX session: FIX.4.2:Algo->SIMULATOR
16:22:54,426 [main] INFO  NetworkingOptions  - Socket option: SocketTcpNoDelay=true
16:22:54,426 [main] INFO  NetworkingOptions  - Socket option: SocketSynchronousWrites=false
16:22:54,426 [main] INFO  NetworkingOptions  - Socket option: SocketSynchronousWriteTimeout=30000
16:22:54,469 [main] INFO  IoSessionInitiator  - [FIX.4.2:Algo->SIMULATOR] [localhost/127.0.0.1:13679]
16:22:54,473 [main] INFO  SocketInitiator  - SessionTimer started
16:22:54,492 [main] WARN  DownStreamManager  - Down Stream connection is down: FIX.4.2:Algo->SIMULATOR
16:22:54,499 [main] DEBUG TickDataManager  - Initialising TickDataManager....
16:22:54,499 [main] INFO  TickDataManager  - Existing tick directory: ticks
16:22:54,500 [main] INFO  UpStreamManager  - initialising
16:22:54,500 [MarketDataManager] DEBUG MarketDataManager  - QuoteSubEvent: 0001.HK, null
16:22:54,500 [Server] INFO  Server  - Market data is ready: true
16:22:54,501 [MarketDataManager] DEBUG MarketDataManager  - QuoteSubEvent: 0002.HK, null
16:22:54,502 [MarketDataManager] INFO  AsyncEventProcessor  - processQuoteEvent added in method map
16:22:54,502 [Server] INFO  Server  - Market data is ready: true
16:22:54,504 [main] INFO  SessionSchedule  - [FIX.4.2:ACCEPTOR1->INITIATOR1] daily, 00:00:00-UTC - 23:00:00-UTC
16:22:54,506 [main] DEBUG FixAdaptor  - Adding FIX session: FIX.4.2:ACCEPTOR1->INITIATOR1
16:22:54,518 [main] INFO  SocketAcceptor  - SessionTimer started
16:22:54,523 [main] INFO  NetworkingOptions  - Socket option: SocketTcpNoDelay=true
16:22:54,524 [main] INFO  NetworkingOptions  - Socket option: SocketSynchronousWrites=false
16:22:54,524 [main] INFO  NetworkingOptions  - Socket option: SocketSynchronousWriteTimeout=30000
16:22:54,538 [main] INFO  SocketAcceptor  - Listening for connections at 0.0.0.0/0.0.0.0:13678
16:22:54,554 [main] WARN  UpStreamManager  - Up Stream connection is down: FIX.4.2:ACCEPTOR1->INITIATOR1
16:22:54,605 [main] INFO  Server  - Published my node info
16:22:54,619 [Thread-27] DEBUG Server  - waiting for down stream ready before recovery...
16:22:54,619 [Server] INFO  AsyncEventProcessor  - processAsyncTimerEvent added in method map
16:22:54,643 [main] INFO  MarketReplay  - Market replay starts at: Mon May 13 16:22:54 CST 2013
16:22:54,678 [main] INFO  MarketReplay  - Market replay ends at: Mon May 13 16:22:54 CST 2013
16:22:55,727 [main] INFO  SessionSchedule  - [FIX.4.2:SIMULATOR->Algo] daily, 00:00:00-UTC - 00:00:00-UTC
16:22:55,729 [main] DEBUG ExchangeFixManager  - onCreate: FIX.4.2:SIMULATOR->Algo
16:22:55,729 [main] INFO  SocketAcceptor  - SessionTimer started
16:22:55,730 [main] INFO  NetworkingOptions  - Socket option: SocketTcpNoDelay=true
16:22:55,730 [main] INFO  NetworkingOptions  - Socket option: SocketSynchronousWrites=false
16:22:55,730 [main] INFO  NetworkingOptions  - Socket option: SocketSynchronousWriteTimeout=30000
16:22:55,745 [main] INFO  SocketAcceptor  - Listening for connections at 0.0.0.0/0.0.0.0:13679
16:22:56,620 [Thread-27] DEBUG Server  - waiting for down stream ready before recovery...
16:22:58,620 [Thread-27] DEBUG Server  - waiting for down stream ready before recovery...
16:22:59,505 [SocketAcceptorIoProcessor-1.0] INFO  AcceptorIoHandler  - MINA session created: /127.0.0.1:54038
16:22:59,507 [SocketConnectorIoProcessor-0.0] INFO  InitiatorIoHandler  - MINA session created for FIX.4.2:Algo->SIMULATOR: local=/127.0.0.1:54038, class org.apache.mina.transport.socket.nio.SocketSessionImpl, remote=localhost/127.0.0.1:13679
16:23:00,501 [QFJ Message Processor] DEBUG ExchangeFixManager  - logon: FIX.4.2:SIMULATOR->Algo
16:23:00,504 [Server] INFO  Server  - Down stream is ready: true
16:23:00,680 [Thread-27] INFO  Server  - Executions recovered: 0
16:23:00,764 [Thread-27] INFO  PersistenceManager  - Deleting 0 terminated items
16:23:00,766 [Thread-27] DEBUG BusinessManager  - strategy S1-20130513-134231-662-1623P assigned to container SC-0
16:23:00,767 [Thread-27] DEBUG AsyncEventManager  - Event Stats: 
{class com.cyanspring.common.event.system.NodeInfoEvent=1, class com.cyanspring.common.server.event.MarketDataReadyEvent=3, class com.cyanspring.common.event.strategy.AddStrategyEvent=1, class com.cyanspring.common.server.event.DownStreamReadyEvent=1, class com.cyanspring.common.event.marketdata.QuoteEvent=2, class com.cyanspring.common.event.marketdata.QuoteSubEvent=2}
16:23:00,767 [Thread-27] INFO  Server  - Strategies recovered: 1
16:23:00,767 [Thread-27] INFO  Server  - Server is ready: true
16:23:00,767 [Thread-SC-0] DEBUG SingleOrderStrategy  - [S1-20130513-134231-662-1623P] Initialize strategy: SDMA, S1-20130513-134231-662-1623P, 0005.HK, 2000.0
16:23:00,768 [MarketDataManager] DEBUG MarketDataManager  - QuoteSubEvent: 0005.HK, null
16:23:00,768 [Thread-SC-0] DEBUG SingleOrderStrategy  - [S1-20130513-134231-662-1623P] Setting strategy end timer: Mon May 13 23:00:00 CST 2013
16:23:00,768 [Server] INFO  Server  - Market data is ready: true
16:23:00,791 [Thread-SC-0] INFO  SingleOrderStrategy  - [S1-20130513-134231-662-1623P] Strategy started
16:23:00,806 [Thread-SC-0] DEBUG SingleOrderStrategy  - [S1-20130513-134231-662-1623P] not doing anything since we haven't recieved any quote yet
16:23:00,806 [OrderManager] ERROR AsyncEventProcessor  - 
java.lang.reflect.InvocationTargetException
	at sun.reflect.NativeMethodAccessorImpl.invoke0(Native Method)
	at sun.reflect.NativeMethodAccessorImpl.invoke(NativeMethodAccessorImpl.java:39)
	at sun.reflect.DelegatingMethodAccessorImpl.invoke(DelegatingMethodAccessorImpl.java:25)
	at java.lang.reflect.Method.invoke(Method.java:597)
	at com.cyanspring.core.event.AsyncEventProcessor.onAsyncEvent(AsyncEventProcessor.java:110)
	at com.cyanspring.core.event.AsyncEventProcessor.access$000(AsyncEventProcessor.java:16)
	at com.cyanspring.core.event.AsyncEventProcessor$1.onEvent(AsyncEventProcessor.java:146)
	at com.cyanspring.core.event.AsyncPriorityEventThread.processEvent(AsyncPriorityEventThread.java:116)
	at com.cyanspring.core.event.AsyncPriorityEventThread$1.run(AsyncPriorityEventThread.java:150)
Caused by: java.lang.NullPointerException
	at com.cyanspring.common.business.BaseOrder.fieldsToString(BaseOrder.java:138)
	at com.cyanspring.common.business.Order.fieldsToString(Order.java:53)
	at com.cyanspring.common.business.BaseOrder.toString(BaseOrder.java:148)
	at java.lang.String.valueOf(String.java:2826)
	at java.lang.StringBuilder.append(StringBuilder.java:115)
	at com.cyanspring.server.OrderManager.processUpdateParentOrderEvent(OrderManager.java:222)
	... 9 more
16:23:00,806 [Thread-SC-0] DEBUG SingleOrderStrategy  - [S1-20130513-134231-662-1623P] QuoteEvent: S1-20130513-162300-768-1974 - 0005.HK : [7600.0@68.2,60000.0@68.3][[7600.0, 68.2], [4000.0, 68.1]][[60000.0, 68.3], [20000.0, 68.4]]
16:23:00,818 [Thread-SC-0] DEBUG SingleOrderStrategy  - [S1-20130513-134231-662-1623P] Round aggressive qty from 2000.0 to 2000.0
16:23:00,818 [Thread-SC-0] DEBUG SingleOrderStrategy  - [S1-20130513-134231-662-1623P] Round passive qty from 0.0 to 0.0
16:23:00,829 [Thread-SC-0] ERROR AsyncPriorityEventThread  - 
java.lang.NullPointerException
	at com.cyanspring.sample.singleorder.sdma.SDMAPriceAnalyzer.calculate(SDMAPriceAnalyzer.java:52)
	at com.cyanspring.strategy.singleorder.AbstractPriceAnalyzer.analyze(AbstractPriceAnalyzer.java:84)
	at com.cyanspring.strategy.singleorder.SingleOrderStrategy.execute(SingleOrderStrategy.java:322)
	at com.cyanspring.strategy.Strategy.executeWithTiming(Strategy.java:354)
	at com.cyanspring.strategy.singleorder.SingleOrderStrategy.processQuoteEvent(SingleOrderStrategy.java:724)
	at com.cyanspring.strategy.singleorder.SingleOrderStrategy.onEvent(SingleOrderStrategy.java:665)
	at com.cyanspring.core.event.AsyncExecuteEventThread.onEvent(AsyncExecuteEventThread.java:32)
	at com.cyanspring.core.event.AsyncPriorityEventThread.processEvent(AsyncPriorityEventThread.java:116)
	at com.cyanspring.core.event.AsyncPriorityEventThread$1.run(AsyncPriorityEventThread.java:150)
16:23:04,874 [Server] INFO  Server  - Replied my nodeInfo
16:23:04,889 [BusinessManager] DEBUG BusinessManager  - Received InitClientRequestEvent from client: 950-PC.USER.20130513-162302-315-0001
16:23:06,141 [OrderManager] DEBUG OrderManager  - Adding child order subscription: 950-PC.USER.20130513-162302-315-0001 : S1-20130513-134231-662-1623P
16:23:06,666 [OrderManager] DEBUG OrderManager  - Adding child order subscription: 950-PC.USER.20130513-162302-315-0001 : S1-20130513-134231-662-1623P
16:23:09,268 [Thread-SC-0] DEBUG SingleOrderStrategy  - [S1-20130513-134231-662-1623P] Round aggressive qty from 2000.0 to 2000.0
16:23:09,268 [Thread-SC-0] DEBUG SingleOrderStrategy  - [S1-20130513-134231-662-1623P] Round passive qty from 0.0 to 0.0
16:23:09,268 [Thread-SC-0] ERROR AsyncPriorityEventThread  - 
java.lang.NullPointerException
	at com.cyanspring.sample.singleorder.sdma.SDMAPriceAnalyzer.calculate(SDMAPriceAnalyzer.java:52)
	at com.cyanspring.strategy.singleorder.AbstractPriceAnalyzer.analyze(AbstractPriceAnalyzer.java:84)
	at com.cyanspring.strategy.singleorder.SingleOrderStrategy.execute(SingleOrderStrategy.java:322)
	at com.cyanspring.strategy.Strategy.executeWithTiming(Strategy.java:354)
	at com.cyanspring.strategy.Strategy.processAsyncTimerEvent(Strategy.java:430)
	at com.cyanspring.strategy.singleorder.SingleOrderStrategy.onEvent(SingleOrderStrategy.java:661)
	at com.cyanspring.core.event.AsyncExecuteEventThread.onEvent(AsyncExecuteEventThread.java:32)
	at com.cyanspring.core.event.AsyncPriorityEventThread.processEvent(AsyncPriorityEventThread.java:116)
	at com.cyanspring.core.event.AsyncPriorityEventThread$1.run(AsyncPriorityEventThread.java:150)
16:23:11,899 [OrderManager] DEBUG OrderManager  - Adding child order subscription: 950-PC.USER.20130513-162302-315-0001 : S1-20130513-134231-662-1623P
16:23:14,697 [BusinessManager] DEBUG BusinessManager  - processCancelParentOrderEvent received: null, S1-20130513-134231-662-1623P
16:23:14,697 [Thread-SC-0] DEBUG SingleOrderStrategy  - [S1-20130513-134231-662-1623P] processCancelStrategyOrderEvent received: S1-20130513-134231-662-1623P
16:23:14,698 [Thread-SC-0] INFO  SingleOrderStrategy  - [S1-20130513-134231-662-1623P] Strategy terminated
16:23:14,699 [OrderManager] ERROR AsyncEventProcessor  - 
java.lang.reflect.InvocationTargetException
	at sun.reflect.NativeMethodAccessorImpl.invoke0(Native Method)
	at sun.reflect.NativeMethodAccessorImpl.invoke(NativeMethodAccessorImpl.java:39)
	at sun.reflect.DelegatingMethodAccessorImpl.invoke(DelegatingMethodAccessorImpl.java:25)
	at java.lang.reflect.Method.invoke(Method.java:597)
	at com.cyanspring.core.event.AsyncEventProcessor.onAsyncEvent(AsyncEventProcessor.java:110)
	at com.cyanspring.core.event.AsyncEventProcessor.access$000(AsyncEventProcessor.java:16)
	at com.cyanspring.core.event.AsyncEventProcessor$1.onEvent(AsyncEventProcessor.java:146)
	at com.cyanspring.core.event.AsyncPriorityEventThread.processEvent(AsyncPriorityEventThread.java:116)
	at com.cyanspring.core.event.AsyncPriorityEventThread$1.run(AsyncPriorityEventThread.java:150)
Caused by: java.lang.NullPointerException
	at com.cyanspring.common.business.BaseOrder.fieldsToString(BaseOrder.java:138)
	at com.cyanspring.common.business.Order.fieldsToString(Order.java:53)
	at com.cyanspring.common.business.BaseOrder.toString(BaseOrder.java:148)
	at java.lang.String.valueOf(String.java:2826)
	at java.lang.StringBuilder.append(StringBuilder.java:115)
	at com.cyanspring.server.OrderManager.processUpdateParentOrderEvent(OrderManager.java:222)
	... 9 more
16:23:14,699 [OrderManager] ERROR AsyncEventProcessor  - 
java.lang.reflect.InvocationTargetException
	at sun.reflect.NativeMethodAccessorImpl.invoke0(Native Method)
	at sun.reflect.NativeMethodAccessorImpl.invoke(NativeMethodAccessorImpl.java:39)
	at sun.reflect.DelegatingMethodAccessorImpl.invoke(DelegatingMethodAccessorImpl.java:25)
	at java.lang.reflect.Method.invoke(Method.java:597)
	at com.cyanspring.core.event.AsyncEventProcessor.onAsyncEvent(AsyncEventProcessor.java:110)
	at com.cyanspring.core.event.AsyncEventProcessor.access$000(AsyncEventProcessor.java:16)
	at com.cyanspring.core.event.AsyncEventProcessor$1.onEvent(AsyncEventProcessor.java:146)
	at com.cyanspring.core.event.AsyncPriorityEventThread.processEvent(AsyncPriorityEventThread.java:116)
	at com.cyanspring.core.event.AsyncPriorityEventThread$1.run(AsyncPriorityEventThread.java:150)
Caused by: java.lang.NullPointerException
	at com.cyanspring.common.business.BaseOrder.fieldsToString(BaseOrder.java:138)
	at com.cyanspring.common.business.Order.fieldsToString(Order.java:53)
	at com.cyanspring.common.business.BaseOrder.toString(BaseOrder.java:148)
	at java.lang.String.valueOf(String.java:2826)
	at java.lang.StringBuilder.append(StringBuilder.java:115)
	at com.cyanspring.server.OrderManager.processUpdateParentOrderEvent(OrderManager.java:222)
	... 9 more
16:23:21,952 [main] DEBUG Server  - 
16:23:21,953 [main] DEBUG Server  - >>>> CLOSING DOWN SERVER, PLEASE WAIT FOR ALL COMPONENTS CLEAN SHUTDOWN <<<
16:23:21,953 [main] DEBUG Server  - 
16:23:23,953 [main] INFO  Server  - uninitialising server
16:23:23,953 [main] INFO  UpStreamManager  - uninitialising
16:23:23,953 [main] INFO  TickDataManager  - uninitialising
16:23:23,954 [main] INFO  DownStreamManager  - uninitialising
16:23:23,954 [main] INFO  MarketDataManager  - uninitialising
16:23:23,955 [main] INFO  RefDataManager  - uninitialising
16:23:23,955 [main] DEBUG RemoteEventManager  - Closing transport...
16:23:23,959 [main] INFO  BrokerService  - ActiveMQ Message Broker (localhost, ID:950-PC-54023-1368433366567-1:1) is shutting down
16:23:24,394 [main] INFO  TransportConnector  - Connector tcp://localHost:61616 Stopped
16:23:24,412 [main] INFO  BrokerService  - ActiveMQ JMS Message Broker (localhost, ID:950-PC-54023-1368433366567-1:1) stopped
