18:26:31,206 [main] INFO  ExchangeBT  - Tick file loaded: src/test/resources/ticks/ANZ.AX.txt
18:26:31,207 [main] INFO  ExchangeBT  - Tick file loaded: src/test/resources/ticks/BHP.AX.txt
18:26:31,208 [main] INFO  ExchangeBT  - Tick file loaded: src/test/resources/ticks/RIO.AX.txt
18:26:31,208 [main] INFO  ExchangeBT  - Tick file loaded: src/test/resources/ticks/WBC.AX.txt
18:26:31,208 [main] INFO  ExchangeBtLoadTickTest  - Quote: ANZ.AX, 2012-08-27 14:56:49.647
18:26:31,209 [main] INFO  ExchangeBtLoadTickTest  - Quote: WBC.AX, 2012-08-27 14:56:49.647
18:26:31,209 [main] INFO  ExchangeBtLoadTickTest  - Quote: BHP.AX, 2012-08-27 14:56:49.647
18:26:31,210 [main] INFO  ExchangeBtLoadTickTest  - Quote: RIO.AX, 2012-08-27 14:56:49.648
18:26:31,210 [main] INFO  ExchangeBtLoadTickTest  - Quote: BHP.AX, 2012-08-27 14:57:05.392
18:26:31,211 [main] INFO  ExchangeBtLoadTickTest  - Quote: WBC.AX, 2012-08-27 14:57:05.392
18:26:31,211 [main] INFO  ExchangeBtLoadTickTest  - Quote: RIO.AX, 2012-08-27 14:57:05.393
18:26:31,212 [main] INFO  ExchangeBtLoadTickTest  - Quote: ANZ.AX, 2012-08-27 14:57:05.393
18:26:31,212 [main] INFO  ExchangeBtLoadTickTest  - Quote: RIO.AX, 2012-08-27 14:57:06.299
18:26:31,213 [main] INFO  ExchangeBtLoadTickTest  - Quote: WBC.AX, 2012-08-27 14:57:06.403
18:26:31,213 [main] INFO  ExchangeBtLoadTickTest  - Quote: BHP.AX, 2012-08-27 14:57:06.830
18:26:31,214 [main] INFO  ExchangeBtLoadTickTest  - Quote: RIO.AX, 2012-08-27 14:57:06.852
18:26:31,215 [main] INFO  ExchangeBtLoadTickTest  - Quote: ANZ.AX, 2012-08-27 14:57:06.971
18:26:31,215 [main] INFO  ExchangeBtLoadTickTest  - Quote: WBC.AX, 2012-08-27 14:57:07.025
18:26:31,216 [main] INFO  ExchangeBtLoadTickTest  - Quote: BHP.AX, 2012-08-27 14:57:07.469
18:26:31,216 [main] INFO  ExchangeBtLoadTickTest  - Quote: WBC.AX, 2012-08-27 14:57:07.592
18:26:31,217 [main] INFO  ExchangeBtLoadTickTest  - Quote: ANZ.AX, 2012-08-27 14:57:08.255
18:26:31,218 [main] INFO  ExchangeBtLoadTickTest  - Quote: RIO.AX, 2012-08-27 14:57:08.448
18:26:31,218 [main] INFO  ExchangeBtLoadTickTest  - Quote: WBC.AX, 2012-08-27 14:57:08.614
18:26:31,219 [main] INFO  ExchangeBtLoadTickTest  - Quote: BHP.AX, 2012-08-27 14:57:09.054
18:26:31,220 [main] INFO  ExchangeBtLoadTickTest  - Quote: RIO.AX, 2012-08-27 14:57:09.415
18:26:31,220 [main] INFO  ExchangeBtLoadTickTest  - Quote: WBC.AX, 2012-08-27 14:57:09.456
18:26:31,221 [main] INFO  ExchangeBtLoadTickTest  - Quote: BHP.AX, 2012-08-27 14:57:10.045
18:26:31,222 [main] INFO  ExchangeBtLoadTickTest  - Quote: ANZ.AX, 2012-08-27 14:57:10.159
18:26:31,222 [main] INFO  ExchangeBtLoadTickTest  - Quote: RIO.AX, 2012-08-27 14:57:10.526
18:26:31,223 [main] INFO  ExchangeBtLoadTickTest  - Quote: WBC.AX, 2012-08-27 14:57:10.946
18:26:31,223 [main] INFO  ExchangeBtLoadTickTest  - Quote: BHP.AX, 2012-08-27 14:57:11.167
18:26:31,224 [main] INFO  ExchangeBtLoadTickTest  - Quote: ANZ.AX, 2012-08-27 14:57:11.537
18:26:31,225 [main] INFO  ExchangeBtLoadTickTest  - Quote: WBC.AX, 2012-08-27 14:57:11.678
18:26:31,225 [main] INFO  ExchangeBtLoadTickTest  - Quote: RIO.AX, 2012-08-27 14:57:12.190
18:26:31,226 [main] INFO  ExchangeBtLoadTickTest  - Quote: BHP.AX, 2012-08-27 14:57:12.651
18:26:31,227 [main] INFO  ExchangeBtLoadTickTest  - Quote: ANZ.AX, 2012-08-27 14:57:12.664
18:26:31,227 [main] INFO  ExchangeBtLoadTickTest  - Quote: RIO.AX, 2012-08-27 14:57:12.990
18:26:31,228 [main] INFO  ExchangeBtLoadTickTest  - Quote: WBC.AX, 2012-08-27 14:57:13.099
18:26:31,229 [main] INFO  ExchangeBtLoadTickTest  - Quote: ANZ.AX, 2012-08-27 14:57:13.690
18:26:31,229 [main] INFO  ExchangeBtLoadTickTest  - Quote: BHP.AX, 2012-08-27 14:57:14.175
18:26:31,230 [main] INFO  ExchangeBtLoadTickTest  - Quote: WBC.AX, 2012-08-27 14:57:14.484
18:26:31,230 [main] INFO  ExchangeBtLoadTickTest  - Trade: WBC.AX, 20.45, 937.0
18:26:31,231 [main] INFO  ExchangeBtLoadTickTest  - Quote: RIO.AX, 2012-08-27 14:57:14.680
18:26:31,231 [main] INFO  ExchangeBtLoadTickTest  - Quote: BHP.AX, 2012-08-27 14:57:15.236
18:26:31,232 [main] INFO  ExchangeBtLoadTickTest  - Quote: RIO.AX, 2012-08-27 14:57:15.331
18:26:31,232 [main] INFO  ExchangeBtLoadTickTest  - Trade: RIO.AX, 54.7, 3005.0
18:26:31,233 [main] INFO  ExchangeBtLoadTickTest  - Quote: ANZ.AX, 2012-08-27 14:57:15.514
18:26:31,233 [main] INFO  ExchangeBtLoadTickTest  - Quote: WBC.AX, 2012-08-27 14:57:16.229
18:26:31,234 [main] INFO  ExchangeBtLoadTickTest  - Quote: ANZ.AX, 2012-08-27 14:57:16.582
18:26:31,234 [main] INFO  ExchangeBtLoadTickTest  - Quote: RIO.AX, 2012-08-27 14:57:16.955
18:26:31,235 [main] INFO  ExchangeBtLoadTickTest  - Quote: BHP.AX, 2012-08-27 14:57:16.999
18:26:31,235 [main] INFO  ExchangeBtLoadTickTest  - Trade: BHP.AX, 36.85, 1619.0
18:26:31,236 [main] INFO  ExchangeBtLoadTickTest  - Quote: WBC.AX, 2012-08-27 14:57:17.261
18:26:31,236 [main] INFO  ExchangeBtLoadTickTest  - Trade: WBC.AX, 20.55, 3126.0
18:26:31,236 [main] INFO  ExchangeBtLoadTickTest  - Quote: ANZ.AX, 2012-08-27 14:57:17.538
18:26:31,237 [main] INFO  ExchangeBtLoadTickTest  - Trade: ANZ.AX, 21.55, 3427.0
18:26:31,237 [main] INFO  ExchangeBtLoadTickTest  - Quote: BHP.AX, 2012-08-27 14:57:17.797
18:26:31,237 [main] INFO  ExchangeBtLoadTickTest  - Trade: BHP.AX, 36.85, 2117.0
18:26:31,238 [main] INFO  ExchangeBtLoadTickTest  - Quote: WBC.AX, 2012-08-27 14:57:18.037
18:26:31,238 [main] INFO  ExchangeBtLoadTickTest  - Quote: RIO.AX, 2012-08-27 14:57:18.253
18:26:31,238 [main] INFO  ExchangeBtLoadTickTest  - Trade: RIO.AX, 54.6, 238.0
18:26:31,239 [main] INFO  ExchangeBtLoadTickTest  - Quote: ANZ.AX, 2012-08-27 14:57:18.695
18:26:31,239 [main] INFO  ExchangeBtLoadTickTest  - Trade: ANZ.AX, 21.55, 709.0
18:26:31,240 [main] INFO  ExchangeBtLoadTickTest  - Quote: BHP.AX, 2012-08-27 14:57:19.548
18:26:31,240 [main] INFO  ExchangeBtLoadTickTest  - Quote: WBC.AX, 2012-08-27 14:57:19.577
18:26:31,241 [main] INFO  ExchangeBtLoadTickTest  - Quote: RIO.AX, 2012-08-27 14:57:20.010
18:26:31,241 [main] INFO  ExchangeBtLoadTickTest  - Trade: RIO.AX, 55.0, 474.0
18:26:31,241 [main] INFO  ExchangeBtLoadTickTest  - Quote: ANZ.AX, 2012-08-27 14:57:20.228
18:26:31,242 [main] INFO  ExchangeBtLoadTickTest  - Quote: BHP.AX, 2012-08-27 14:57:20.531
18:26:31,243 [main] INFO  ExchangeBtLoadTickTest  - Quote: WBC.AX, 2012-08-27 14:57:21.040
18:26:31,243 [main] INFO  ExchangeBtLoadTickTest  - Trade: WBC.AX, 20.2, 3642.0
18:26:31,243 [main] INFO  ExchangeBtLoadTickTest  - Quote: BHP.AX, 2012-08-27 14:57:21.281
18:26:31,243 [main] INFO  ExchangeBtLoadTickTest  - Trade: BHP.AX, 36.45, 2094.0
18:26:31,244 [main] INFO  ExchangeBtLoadTickTest  - Quote: ANZ.AX, 2012-08-27 14:57:21.291
18:26:31,244 [main] INFO  ExchangeBtLoadTickTest  - Trade: ANZ.AX, 21.7, 497.0
18:26:31,244 [main] INFO  ExchangeBtLoadTickTest  - Quote: RIO.AX, 2012-08-27 14:57:21.595
18:26:31,244 [main] INFO  ExchangeBtLoadTickTest  - Trade: RIO.AX, 55.0, 2257.0
18:26:31,245 [main] INFO  ExchangeBtLoadTickTest  - Quote: RIO.AX, 2012-08-27 14:57:22.389
18:26:31,245 [main] INFO  ExchangeBtLoadTickTest  - Trade: RIO.AX, 54.5, 1064.0
18:26:31,245 [main] INFO  ExchangeBtLoadTickTest  - Quote: WBC.AX, 2012-08-27 14:57:22.454
18:26:31,245 [main] INFO  ExchangeBtLoadTickTest  - Trade: WBC.AX, 20.2, 1920.0
18:26:31,246 [main] INFO  ExchangeBtLoadTickTest  - Quote: BHP.AX, 2012-08-27 14:57:22.633
18:26:31,246 [main] INFO  ExchangeBtLoadTickTest  - Trade: BHP.AX, 36.45, 528.0
18:26:31,246 [main] INFO  ExchangeBtLoadTickTest  - Quote: WBC.AX, 2012-08-27 14:57:23.042
18:26:31,247 [main] INFO  ExchangeBtLoadTickTest  - Quote: RIO.AX, 2012-08-27 14:57:23.183
18:26:31,247 [main] INFO  ExchangeBtLoadTickTest  - Trade: RIO.AX, 54.45, 604.0
18:26:31,247 [main] INFO  ExchangeBtLoadTickTest  - Quote: ANZ.AX, 2012-08-27 14:57:23.211
18:26:31,247 [main] INFO  ExchangeBtLoadTickTest  - Trade: ANZ.AX, 21.95, 1633.0
18:26:31,247 [main] INFO  ExchangeBtLoadTickTest  - Quote: WBC.AX, 2012-08-27 14:57:23.799
18:26:31,247 [main] INFO  ExchangeBtLoadTickTest  - Trade: WBC.AX, 20.2, 913.0
18:26:31,247 [main] INFO  ExchangeBtLoadTickTest  - Quote: RIO.AX, 2012-08-27 14:57:24.043
18:26:31,248 [main] INFO  ExchangeBtLoadTickTest  - Trade: RIO.AX, 54.45, 209.0
18:26:31,248 [main] INFO  ExchangeBtLoadTickTest  - Quote: BHP.AX, 2012-08-27 14:57:24.049
18:26:31,248 [main] INFO  ExchangeBT  - Finished replay of tick files
18:26:31,254 [Thread-2] INFO  GenericApplicationContext  - Closing org.springframework.context.support.GenericApplicationContext@1f5d386: startup date [Thu May 16 18:26:21 CST 2013]; root of context hierarchy
18:26:31,254 [Thread-3] INFO  GenericApplicationContext  - Closing org.springframework.context.support.GenericApplicationContext@9ac0f5: startup date [Thu May 16 18:26:24 CST 2013]; root of context hierarchy
18:26:31,254 [Thread-9] INFO  GenericApplicationContext  - Closing org.springframework.context.support.GenericApplicationContext@1983ad7: startup date [Thu May 16 18:26:27 CST 2013]; root of context hierarchy
18:26:31,255 [Thread-3] INFO  DefaultListableBeanFactory  - Destroying singletons in org.springframework.beans.factory.support.DefaultListableBeanFactory@ad157f: defining beans [org.springframework.context.annotation.internalConfigurationAnnotationProcessor,org.springframework.context.annotation.internalAutowiredAnnotationProcessor,org.springframework.context.annotation.internalRequiredAnnotationProcessor,org.springframework.context.annotation.internalCommonAnnotationProcessor,aceptorSettings1,initiatorSettings1]; root of factory hierarchy
18:26:31,255 [Thread-2] INFO  DefaultListableBeanFactory  - Destroying singletons in org.springframework.beans.factory.support.DefaultListableBeanFactory@193c0cf: defining beans [org.springframework.context.annotation.internalConfigurationAnnotationProcessor,org.springframework.context.annotation.internalAutowiredAnnotationProcessor,org.springframework.context.annotation.internalRequiredAnnotationProcessor,org.springframework.context.annotation.internalCommonAnnotationProcessor,strategyFactory,globalStrategySettings,singleOrderCommonDisplayFields,singleInstrumentCommonDisplayFields,multiInstrumentCommonDisplayFields,multiInstrumentCommonInstrumentDisplayFields,singleOrderCommonFieldDefs,singleInstrumentCommonFieldDefs,multiInstrumentCommonFieldDefs,multiInstrumentCommonInstrumentFieldDefs,org.springframework.beans.factory.config.MethodInvokingFactoryBean#0,org.springframework.beans.factory.config.MethodInvokingFactoryBean#1,org.springframework.beans.factory.config.MethodInvokingFactoryBean#2,org.springframework.beans.factory.config.MethodInvokingFactoryBean#3,defaultExecutionAnalyzer,defaultExecutionManager,dollarNeutralStrategyFieldDefs,dollarNeutralInstrumentFieldDefs,dollarNeutralStrategy,lowHighStrategyFieldDefs,lowHighInstrumentFieldDefs,lowHighStrategy,icebergStrategy,sdmaStrategy,sniperStrategy,povStrategy,dummyStrategy,markingMakingStrategyFieldDefs,markingMakingStrategyInstrumentFieldDefs,marketMakingStrategy,trendingStrategyFieldDefs,trendingStrategyInstrumentFieldDefs,trendingStrategy,stopWinLossStrategy,eventManager,mdManager,simMarketDataAdaptor,simExchange,strategyContainer,scheduleManager,tickTable,tickTableManager,refDataManager,downStreamManager,simDownStreamAdaptor]; root of factory hierarchy
18:26:31,255 [Thread-9] INFO  DefaultListableBeanFactory  - Destroying singletons in org.springframework.beans.factory.support.DefaultListableBeanFactory@133f6dd: defining beans [org.springframework.context.annotation.internalConfigurationAnnotationProcessor,org.springframework.context.annotation.internalAutowiredAnnotationProcessor,org.springframework.context.annotation.internalRequiredAnnotationProcessor,org.springframework.context.annotation.internalCommonAnnotationProcessor,dataSource,sessionFactory,setDerbyLog]; root of factory hierarchy
18:26:31,258 [Thread-9] INFO  LocalSessionFactoryBean  - Closing Hibernate SessionFactory
18:26:31,258 [Thread-9] INFO  SessionFactoryImpl  - closing
