12:49:38,907 [main] INFO  ExchangeBT  - Tick file loaded: src/test/resources/ticks/ANZ.AX.txt
12:49:38,908 [main] INFO  ExchangeBT  - Tick file loaded: src/test/resources/ticks/BHP.AX.txt
12:49:38,909 [main] INFO  ExchangeBT  - Tick file loaded: src/test/resources/ticks/RIO.AX.txt
12:49:38,909 [main] INFO  ExchangeBT  - Tick file loaded: src/test/resources/ticks/WBC.AX.txt
12:49:38,909 [main] INFO  ExchangeBtLoadTickTest  - Quote: ANZ.AX, 2012-08-27 14:56:49.647
12:49:38,910 [main] INFO  ExchangeBtLoadTickTest  - Quote: WBC.AX, 2012-08-27 14:56:49.647
12:49:38,910 [main] INFO  ExchangeBtLoadTickTest  - Quote: BHP.AX, 2012-08-27 14:56:49.647
12:49:38,911 [main] INFO  ExchangeBtLoadTickTest  - Quote: RIO.AX, 2012-08-27 14:56:49.648
12:49:38,911 [main] INFO  ExchangeBtLoadTickTest  - Quote: BHP.AX, 2012-08-27 14:57:05.392
12:49:38,912 [main] INFO  ExchangeBtLoadTickTest  - Quote: WBC.AX, 2012-08-27 14:57:05.392
12:49:38,912 [main] INFO  ExchangeBtLoadTickTest  - Quote: RIO.AX, 2012-08-27 14:57:05.393
12:49:38,913 [main] INFO  ExchangeBtLoadTickTest  - Quote: ANZ.AX, 2012-08-27 14:57:05.393
12:49:38,913 [main] INFO  ExchangeBtLoadTickTest  - Quote: RIO.AX, 2012-08-27 14:57:06.299
12:49:38,914 [main] INFO  ExchangeBtLoadTickTest  - Quote: WBC.AX, 2012-08-27 14:57:06.403
12:49:38,914 [main] INFO  ExchangeBtLoadTickTest  - Quote: BHP.AX, 2012-08-27 14:57:06.830
12:49:38,915 [main] INFO  ExchangeBtLoadTickTest  - Quote: RIO.AX, 2012-08-27 14:57:06.852
12:49:38,916 [main] INFO  ExchangeBtLoadTickTest  - Quote: ANZ.AX, 2012-08-27 14:57:06.971
12:49:38,916 [main] INFO  ExchangeBtLoadTickTest  - Quote: WBC.AX, 2012-08-27 14:57:07.025
12:49:38,917 [main] INFO  ExchangeBtLoadTickTest  - Quote: BHP.AX, 2012-08-27 14:57:07.469
12:49:38,917 [main] INFO  ExchangeBtLoadTickTest  - Quote: WBC.AX, 2012-08-27 14:57:07.592
12:49:38,918 [main] INFO  ExchangeBtLoadTickTest  - Quote: ANZ.AX, 2012-08-27 14:57:08.255
12:49:38,918 [main] INFO  ExchangeBtLoadTickTest  - Quote: RIO.AX, 2012-08-27 14:57:08.448
12:49:38,919 [main] INFO  ExchangeBtLoadTickTest  - Quote: WBC.AX, 2012-08-27 14:57:08.614
12:49:38,920 [main] INFO  ExchangeBtLoadTickTest  - Quote: BHP.AX, 2012-08-27 14:57:09.054
12:49:38,920 [main] INFO  ExchangeBtLoadTickTest  - Quote: RIO.AX, 2012-08-27 14:57:09.415
12:49:38,921 [main] INFO  ExchangeBtLoadTickTest  - Quote: WBC.AX, 2012-08-27 14:57:09.456
12:49:38,922 [main] INFO  ExchangeBtLoadTickTest  - Quote: BHP.AX, 2012-08-27 14:57:10.045
12:49:38,922 [main] INFO  ExchangeBtLoadTickTest  - Quote: ANZ.AX, 2012-08-27 14:57:10.159
12:49:38,923 [main] INFO  ExchangeBtLoadTickTest  - Quote: RIO.AX, 2012-08-27 14:57:10.526
12:49:38,923 [main] INFO  ExchangeBtLoadTickTest  - Quote: WBC.AX, 2012-08-27 14:57:10.946
12:49:38,924 [main] INFO  ExchangeBtLoadTickTest  - Quote: BHP.AX, 2012-08-27 14:57:11.167
12:49:38,925 [main] INFO  ExchangeBtLoadTickTest  - Quote: ANZ.AX, 2012-08-27 14:57:11.537
12:49:38,925 [main] INFO  ExchangeBtLoadTickTest  - Quote: WBC.AX, 2012-08-27 14:57:11.678
12:49:38,926 [main] INFO  ExchangeBtLoadTickTest  - Quote: RIO.AX, 2012-08-27 14:57:12.190
12:49:38,927 [main] INFO  ExchangeBtLoadTickTest  - Quote: BHP.AX, 2012-08-27 14:57:12.651
12:49:38,927 [main] INFO  ExchangeBtLoadTickTest  - Quote: ANZ.AX, 2012-08-27 14:57:12.664
12:49:38,928 [main] INFO  ExchangeBtLoadTickTest  - Quote: RIO.AX, 2012-08-27 14:57:12.990
12:49:38,928 [main] INFO  ExchangeBtLoadTickTest  - Quote: WBC.AX, 2012-08-27 14:57:13.099
12:49:38,929 [main] INFO  ExchangeBtLoadTickTest  - Quote: ANZ.AX, 2012-08-27 14:57:13.690
12:49:38,930 [main] INFO  ExchangeBtLoadTickTest  - Quote: BHP.AX, 2012-08-27 14:57:14.175
12:49:38,930 [main] INFO  ExchangeBtLoadTickTest  - Quote: WBC.AX, 2012-08-27 14:57:14.484
12:49:38,930 [main] INFO  ExchangeBtLoadTickTest  - Trade: WBC.AX, 20.45, 937.0
12:49:38,931 [main] INFO  ExchangeBtLoadTickTest  - Quote: RIO.AX, 2012-08-27 14:57:14.680
12:49:38,932 [main] INFO  ExchangeBtLoadTickTest  - Quote: BHP.AX, 2012-08-27 14:57:15.236
12:49:38,932 [main] INFO  ExchangeBtLoadTickTest  - Quote: RIO.AX, 2012-08-27 14:57:15.331
12:49:38,932 [main] INFO  ExchangeBtLoadTickTest  - Trade: RIO.AX, 54.7, 3005.0
12:49:38,933 [main] INFO  ExchangeBtLoadTickTest  - Quote: ANZ.AX, 2012-08-27 14:57:15.514
12:49:38,934 [main] INFO  ExchangeBtLoadTickTest  - Quote: WBC.AX, 2012-08-27 14:57:16.229
12:49:38,934 [main] INFO  ExchangeBtLoadTickTest  - Quote: ANZ.AX, 2012-08-27 14:57:16.582
12:49:38,935 [main] INFO  ExchangeBtLoadTickTest  - Quote: RIO.AX, 2012-08-27 14:57:16.955
12:49:38,935 [main] INFO  ExchangeBtLoadTickTest  - Quote: BHP.AX, 2012-08-27 14:57:16.999
12:49:38,935 [main] INFO  ExchangeBtLoadTickTest  - Trade: BHP.AX, 36.85, 1619.0
12:49:38,936 [main] INFO  ExchangeBtLoadTickTest  - Quote: WBC.AX, 2012-08-27 14:57:17.261
12:49:38,936 [main] INFO  ExchangeBtLoadTickTest  - Trade: WBC.AX, 20.55, 3126.0
12:49:38,936 [main] INFO  ExchangeBtLoadTickTest  - Quote: ANZ.AX, 2012-08-27 14:57:17.538
12:49:38,937 [main] INFO  ExchangeBtLoadTickTest  - Trade: ANZ.AX, 21.55, 3427.0
12:49:38,937 [main] INFO  ExchangeBtLoadTickTest  - Quote: BHP.AX, 2012-08-27 14:57:17.797
12:49:38,937 [main] INFO  ExchangeBtLoadTickTest  - Trade: BHP.AX, 36.85, 2117.0
12:49:38,938 [main] INFO  ExchangeBtLoadTickTest  - Quote: WBC.AX, 2012-08-27 14:57:18.037
12:49:38,938 [main] INFO  ExchangeBtLoadTickTest  - Quote: RIO.AX, 2012-08-27 14:57:18.253
12:49:38,938 [main] INFO  ExchangeBtLoadTickTest  - Trade: RIO.AX, 54.6, 238.0
12:49:38,939 [main] INFO  ExchangeBtLoadTickTest  - Quote: ANZ.AX, 2012-08-27 14:57:18.695
12:49:38,939 [main] INFO  ExchangeBtLoadTickTest  - Trade: ANZ.AX, 21.55, 709.0
12:49:38,940 [main] INFO  ExchangeBtLoadTickTest  - Quote: BHP.AX, 2012-08-27 14:57:19.548
12:49:38,940 [main] INFO  ExchangeBtLoadTickTest  - Quote: WBC.AX, 2012-08-27 14:57:19.577
12:49:38,941 [main] INFO  ExchangeBtLoadTickTest  - Quote: RIO.AX, 2012-08-27 14:57:20.010
12:49:38,941 [main] INFO  ExchangeBtLoadTickTest  - Trade: RIO.AX, 55.0, 474.0
12:49:38,941 [main] INFO  ExchangeBtLoadTickTest  - Quote: ANZ.AX, 2012-08-27 14:57:20.228
12:49:38,942 [main] INFO  ExchangeBtLoadTickTest  - Quote: BHP.AX, 2012-08-27 14:57:20.531
12:49:38,943 [main] INFO  ExchangeBtLoadTickTest  - Quote: WBC.AX, 2012-08-27 14:57:21.040
12:49:38,943 [main] INFO  ExchangeBtLoadTickTest  - Trade: WBC.AX, 20.2, 3642.0
12:49:38,944 [main] INFO  ExchangeBtLoadTickTest  - Quote: BHP.AX, 2012-08-27 14:57:21.281
12:49:38,944 [main] INFO  ExchangeBtLoadTickTest  - Trade: BHP.AX, 36.45, 2094.0
12:49:38,944 [main] INFO  ExchangeBtLoadTickTest  - Quote: ANZ.AX, 2012-08-27 14:57:21.291
12:49:38,944 [main] INFO  ExchangeBtLoadTickTest  - Trade: ANZ.AX, 21.7, 497.0
12:49:38,945 [main] INFO  ExchangeBtLoadTickTest  - Quote: RIO.AX, 2012-08-27 14:57:21.595
12:49:38,945 [main] INFO  ExchangeBtLoadTickTest  - Trade: RIO.AX, 55.0, 2257.0
12:49:38,945 [main] INFO  ExchangeBtLoadTickTest  - Quote: RIO.AX, 2012-08-27 14:57:22.389
12:49:38,945 [main] INFO  ExchangeBtLoadTickTest  - Trade: RIO.AX, 54.5, 1064.0
12:49:38,945 [main] INFO  ExchangeBtLoadTickTest  - Quote: WBC.AX, 2012-08-27 14:57:22.454
12:49:38,945 [main] INFO  ExchangeBtLoadTickTest  - Trade: WBC.AX, 20.2, 1920.0
12:49:38,946 [main] INFO  ExchangeBtLoadTickTest  - Quote: BHP.AX, 2012-08-27 14:57:22.633
12:49:38,946 [main] INFO  ExchangeBtLoadTickTest  - Trade: BHP.AX, 36.45, 528.0
12:49:38,946 [main] INFO  ExchangeBtLoadTickTest  - Quote: WBC.AX, 2012-08-27 14:57:23.042
12:49:38,947 [main] INFO  ExchangeBtLoadTickTest  - Quote: RIO.AX, 2012-08-27 14:57:23.183
12:49:38,947 [main] INFO  ExchangeBtLoadTickTest  - Trade: RIO.AX, 54.45, 604.0
12:49:38,947 [main] INFO  ExchangeBtLoadTickTest  - Quote: ANZ.AX, 2012-08-27 14:57:23.211
12:49:38,947 [main] INFO  ExchangeBtLoadTickTest  - Trade: ANZ.AX, 21.95, 1633.0
12:49:38,947 [main] INFO  ExchangeBtLoadTickTest  - Quote: WBC.AX, 2012-08-27 14:57:23.799
12:49:38,947 [main] INFO  ExchangeBtLoadTickTest  - Trade: WBC.AX, 20.2, 913.0
12:49:38,948 [main] INFO  ExchangeBtLoadTickTest  - Quote: RIO.AX, 2012-08-27 14:57:24.043
12:49:38,948 [main] INFO  ExchangeBtLoadTickTest  - Trade: RIO.AX, 54.45, 209.0
12:49:38,948 [main] INFO  ExchangeBtLoadTickTest  - Quote: BHP.AX, 2012-08-27 14:57:24.049
12:49:38,948 [main] INFO  ExchangeBT  - Finished replay of tick files
12:49:38,954 [Thread-3] INFO  GenericApplicationContext  - Closing org.springframework.context.support.GenericApplicationContext@118223d: startup date [Mon May 20 12:49:30 CST 2013]; root of context hierarchy
12:49:38,955 [Thread-9] INFO  GenericApplicationContext  - Closing org.springframework.context.support.GenericApplicationContext@eccfe7: startup date [Mon May 20 12:49:34 CST 2013]; root of context hierarchy
12:49:38,954 [Thread-2] INFO  GenericApplicationContext  - Closing org.springframework.context.support.GenericApplicationContext@910040: startup date [Mon May 20 12:49:27 CST 2013]; root of context hierarchy
12:49:38,955 [Thread-3] INFO  DefaultListableBeanFactory  - Destroying singletons in org.springframework.beans.factory.support.DefaultListableBeanFactory@4eb043: defining beans [org.springframework.context.annotation.internalConfigurationAnnotationProcessor,org.springframework.context.annotation.internalAutowiredAnnotationProcessor,org.springframework.context.annotation.internalRequiredAnnotationProcessor,org.springframework.context.annotation.internalCommonAnnotationProcessor,aceptorSettings1,initiatorSettings1]; root of factory hierarchy
12:49:38,956 [Thread-2] INFO  DefaultListableBeanFactory  - Destroying singletons in org.springframework.beans.factory.support.DefaultListableBeanFactory@82764b: defining beans [org.springframework.context.annotation.internalConfigurationAnnotationProcessor,org.springframework.context.annotation.internalAutowiredAnnotationProcessor,org.springframework.context.annotation.internalRequiredAnnotationProcessor,org.springframework.context.annotation.internalCommonAnnotationProcessor,strategyFactory,globalStrategySettings,singleOrderCommonDisplayFields,singleInstrumentCommonDisplayFields,multiInstrumentCommonDisplayFields,multiInstrumentCommonInstrumentDisplayFields,singleOrderCommonFieldDefs,singleInstrumentCommonFieldDefs,multiInstrumentCommonFieldDefs,multiInstrumentCommonInstrumentFieldDefs,org.springframework.beans.factory.config.MethodInvokingFactoryBean#0,org.springframework.beans.factory.config.MethodInvokingFactoryBean#1,org.springframework.beans.factory.config.MethodInvokingFactoryBean#2,org.springframework.beans.factory.config.MethodInvokingFactoryBean#3,defaultExecutionAnalyzer,defaultExecutionManager,eventManager,mdManager,simMarketDataAdaptor,simExchange,strategyContainer,scheduleManager,tickTable,tickTableManager,refDataManager,downStreamManager,simDownStreamAdaptor]; root of factory hierarchy
12:49:38,955 [Thread-9] INFO  DefaultListableBeanFactory  - Destroying singletons in org.springframework.beans.factory.support.DefaultListableBeanFactory@4ce427: defining beans [org.springframework.context.annotation.internalConfigurationAnnotationProcessor,org.springframework.context.annotation.internalAutowiredAnnotationProcessor,org.springframework.context.annotation.internalRequiredAnnotationProcessor,org.springframework.context.annotation.internalCommonAnnotationProcessor,dataSource,sessionFactory,setDerbyLog]; root of factory hierarchy
12:49:38,958 [Thread-9] INFO  LocalSessionFactoryBean  - Closing Hibernate SessionFactory
12:49:38,958 [Thread-9] INFO  SessionFactoryImpl  - closing
